Added Pin To Net: NetName=USB_P Pin=D?-4
Added Pin To Net: NetName=USB_N Pin=D?-6
Add Net: Net with name "NetDS?_2" already exists
Add Net: Net with name "SP1_MISO2" already exists
Add Net: Net with name "SP1_MOSI2" already exists
Added Member To Class: ClassName=MOTOR_DVR Member=Component C? CL21B104KOANNNC
Added Member To Class: ClassName=MOTOR_DVR Member=Component C? CL21B104KOANNNC
Added Member To Class: ClassName=MOTOR_DVR Member=Component C? CL21B104KOANNNC
Added Member To Class: ClassName=MOTOR_DVR Member=Component C? CL21B104KOANNNC
Added Member To Class: ClassName=MOTOR_DVR Member=Component C? CL21B104KOANNNC
Added Member To Class: ClassName=MOTOR_DVR Member=Component C? CL21B104KOANNNC
Added Member To Class: ClassName=MOTOR_DVR Member=Component C? CL21B104KOANNNC
Added Member To Class: ClassName=POWER Member=Component C? C3216X5R1E226M160AB
Added Member To Class: ClassName=POWER Member=Component C? CC1206KKX7R9BB475
Added Member To Class: ClassName=POWER Member=Component C? C3216X5R1E226M160AB
Added Member To Class: ClassName=POWER Member=Component C? 100nF
Added Member To Class: ClassName=POWER Member=Component C? EEE-FK1E221P
Added Member To Class: ClassName=POWER Member=Component C? 1206ZD106KAT2A
Added Member To Class: ClassName=POWER Member=Component C? 12065C105KAT2A
Added Member To Class: ClassName=USB Member=Component C? 4.7uF
Added Member To Class: ClassName=USB Member=Component C? CL21B104KOANNNC
Added Member To Class: ClassName=USB Member=Component C? C1210C107M4PACTU
Added Member To Class: ClassName=USB Member=Component C? CL21B104KOANNNC
Added Member To Class: ClassName=USB Member=Component C? C1210C107M4PACTU
Added Member To Class: ClassName=POWER Member=Component DS? HSMG-C170
Added Member To Class: ClassName=CONNECTORS Member=Component J? SONAR1
Added Member To Class: ClassName=CONNECTORS Member=Component J? B8B-XH-A(LF)(SN)
Added Member To Class: ClassName=CONNECTORS Member=Component J? SONAR2
Added Member To Class: ClassName=CONNECTORS Member=Component J? SPEAKER
Added Member To Class: ClassName=CONNECTORS Member=Component J? SONAR3
Added Member To Class: ClassName=MOTOR_DVR Member=Component J? B8B-XH-A(LF)(SN)
Added Member To Class: ClassName=MOTOR_DVR Member=Component J? B8B-XH-A(LF)(SN)
Added Member To Class: ClassName=USB Member=Component J? 105017-0001
Added Member To Class: ClassName=POWER Member=Component R? RC0805JR-0710KL
Added Member To Class: ClassName=MOTOR_DVR Member=Component U? SN74LVC2T45DCTR
Added Member To Class: ClassName=MOTOR_DVR Member=Component U? SN74LVC2T45DCTR
Added Member To Class: ClassName=MOTOR_DVR Member=Component U? SN74LVC2T45DCTR
Added Member To Class: ClassName=POWER Member=Component U? AP63205WU-7
Added Member To Class: ClassName=USB Member=Component U? W25Q128FVSIG
