Change Component Footprint: Designator=J1 Old Footprint=632723130112 New Footprint=632723130112
Change Component Footprint: Designator=Y2 Old Footprint=FP-NX3215SA-MFG New Footprint=FP-NX3215SA-MFG
Added Component: Designator=Q?(FP-LTV-247-MFG)
Add component (AddParameter): Name = "Case/Package"; Value = "SMD/SMT"; VariantName = "[No Variations]"
Add component (AddParameter): Name = "Collector Emitter Saturation Voltage"; Value = "400mV"; VariantName = "[No Variations]"
Add component (AddParameter): Name = "Collector Emitter Voltage (VCEO)"; Value = "80V"; VariantName = "[No Variations]"
Add component (AddParameter): Name = "Current Transfer Ratio"; Value = "600%"; VariantName = "[No Variations]"
Add component (AddParameter): Name = "Forward Current"; Value = "20mA"; VariantName = "[No Variations]"
Add component (AddParameter): Name = "Forward Voltage"; Value = "1.2V"; VariantName = "[No Variations]"
Add component (AddParameter): Name = "Max Collector Current"; Value = "50mA"; VariantName = "[No Variations]"
Add component (AddParameter): Name = "Max Input Current"; Value = "50mA"; VariantName = "[No Variations]"
Add component (AddParameter): Name = "Max Operating Temperature"; Value = "110°C"; VariantName = "[No Variations]"
Add component (AddParameter): Name = "Max Output Voltage"; Value = "80V"; VariantName = "[No Variations]"
Add component (AddParameter): Name = "Max Power Dissipation"; Value = "200mW"; VariantName = "[No Variations]"
Add component (AddParameter): Name = "Min Operating Temperature"; Value = "-55°C"; VariantName = "[No Variations]"
Add component (AddParameter): Name = "Mount"; Value = "Surface Mount"; VariantName = "[No Variations]"
Add component (AddParameter): Name = "Number of Channels"; Value = "4"; VariantName = "[No Variations]"
Add component (AddParameter): Name = "Number of Elements"; Value = "4"; VariantName = "[No Variations]"
Add component (AddParameter): Name = "Number of Pins"; Value = "16"; VariantName = "[No Variations]"
Add component (AddParameter): Name = "Output Current per Channel"; Value = "50mA"; VariantName = "[No Variations]"
Add component (AddParameter): Name = "Package Quantity"; Value = "2000"; VariantName = "[No Variations]"
Add component (AddParameter): Name = "Packaging"; Value = "Tape and Reel"; VariantName = "[No Variations]"
Add component (AddParameter): Name = "Power Dissipation"; Value = "170mW"; VariantName = "[No Variations]"
Add component (AddParameter): Name = "Radiation Hardening"; Value = "No"; VariantName = "[No Variations]"
Add component (AddParameter): Name = "Reverse Breakdown Voltage"; Value = "6V"; VariantName = "[No Variations]"
Add component (AddParameter): Name = "RoHS Compliant"; Value = "Yes"; VariantName = "[No Variations]"
Added Component: Designator=Q?(FP-LTV-247-MFG)
Add component (AddParameter): Name = "Case/Package"; Value = "SMD/SMT"; VariantName = "[No Variations]"
Add component (AddParameter): Name = "Collector Emitter Saturation Voltage"; Value = "400mV"; VariantName = "[No Variations]"
Add component (AddParameter): Name = "Collector Emitter Voltage (VCEO)"; Value = "80V"; VariantName = "[No Variations]"
Add component (AddParameter): Name = "Current Transfer Ratio"; Value = "600%"; VariantName = "[No Variations]"
Add component (AddParameter): Name = "Forward Current"; Value = "20mA"; VariantName = "[No Variations]"
Add component (AddParameter): Name = "Forward Voltage"; Value = "1.2V"; VariantName = "[No Variations]"
Add component (AddParameter): Name = "Max Collector Current"; Value = "50mA"; VariantName = "[No Variations]"
Add component (AddParameter): Name = "Max Input Current"; Value = "50mA"; VariantName = "[No Variations]"
Add component (AddParameter): Name = "Max Operating Temperature"; Value = "110°C"; VariantName = "[No Variations]"
Add component (AddParameter): Name = "Max Output Voltage"; Value = "80V"; VariantName = "[No Variations]"
Add component (AddParameter): Name = "Max Power Dissipation"; Value = "200mW"; VariantName = "[No Variations]"
Add component (AddParameter): Name = "Min Operating Temperature"; Value = "-55°C"; VariantName = "[No Variations]"
Add component (AddParameter): Name = "Mount"; Value = "Surface Mount"; VariantName = "[No Variations]"
Add component (AddParameter): Name = "Number of Channels"; Value = "4"; VariantName = "[No Variations]"
Add component (AddParameter): Name = "Number of Elements"; Value = "4"; VariantName = "[No Variations]"
Add component (AddParameter): Name = "Number of Pins"; Value = "16"; VariantName = "[No Variations]"
Add component (AddParameter): Name = "Output Current per Channel"; Value = "50mA"; VariantName = "[No Variations]"
Add component (AddParameter): Name = "Package Quantity"; Value = "2000"; VariantName = "[No Variations]"
Add component (AddParameter): Name = "Packaging"; Value = "Tape and Reel"; VariantName = "[No Variations]"
Add component (AddParameter): Name = "Power Dissipation"; Value = "170mW"; VariantName = "[No Variations]"
Add component (AddParameter): Name = "Radiation Hardening"; Value = "No"; VariantName = "[No Variations]"
Add component (AddParameter): Name = "Reverse Breakdown Voltage"; Value = "6V"; VariantName = "[No Variations]"
Add component (AddParameter): Name = "RoHS Compliant"; Value = "Yes"; VariantName = "[No Variations]"
Added Component: Designator=R?(RESC2013X60X35ML10T20)
Add component (AddParameter): Name = "Automotive Qualification Standard"; Value = "-"; VariantName = "[No Variations]"
Add component (AddParameter): Name = "Datasheet URL"; Value = "http://www.yageo.ru/pdf/RC0805.pdf"; VariantName = "[No Variations]"
Add component (AddParameter): Name = "Datasheet Version"; Value = "REV. 2, 09/2004"; VariantName = "[No Variations]"
Add component (AddParameter): Name = "Manufacturer"; Value = "Yageo"; VariantName = "[No Variations]"
Add component (AddParameter): Name = "Manufacturer URL"; Value = "http://www.yageo.com/"; VariantName = "[No Variations]"
Add component (AddParameter): Name = "MSL"; Value = "MSL1-Unlimited"; VariantName = "[No Variations]"
Add component (AddParameter): Name = "Package Description"; Value = "2-Pin Surface Mounted Device, Body 2 x 1.25 mm"; VariantName = "[No Variations]"
Add component (AddParameter): Name = "Package Reference"; Value = "805"; VariantName = "[No Variations]"
Add component (AddParameter): Name = "Packaging"; Value = "CutTape"; VariantName = "[No Variations]"
Add component (AddParameter): Name = "Power Rating"; Value = "250mW"; VariantName = "[No Variations]"
Add component (AddParameter): Name = "Product Range"; Value = "RCSeries"; VariantName = "[No Variations]"
Add component (AddParameter): Name = "Resistance"; Value = "10k"; VariantName = "[No Variations]"
Add component (AddParameter): Name = "Resistance Tolerance"; Value = "±5%"; VariantName = "[No Variations]"
Add component (AddParameter): Name = "Resistor Case Style"; Value = "0805[2012Metric]"; VariantName = "[No Variations]"
Add component (AddParameter): Name = "Resistor Element Type"; Value = "ThickFilm"; VariantName = "[No Variations]"
Add component (AddParameter): Name = "SVHC"; Value = "ToBeAdvised"; VariantName = "[No Variations]"
Add component (AddParameter): Name = "Temperature Coefficient"; Value = "±100ppm/degC"; VariantName = "[No Variations]"
Add component (AddParameter): Name = "Voltage Rating"; Value = "150V"; VariantName = "[No Variations]"
Added Component: Designator=R?(RESC2013X60X35ML10T20)
Add component (AddParameter): Name = "Automotive Qualification Standard"; Value = "-"; VariantName = "[No Variations]"
Add component (AddParameter): Name = "Datasheet URL"; Value = "http://www.yageo.ru/pdf/RC0805.pdf"; VariantName = "[No Variations]"
Add component (AddParameter): Name = "Datasheet Version"; Value = "REV. 2, 09/2004"; VariantName = "[No Variations]"
Add component (AddParameter): Name = "Manufacturer"; Value = "Yageo"; VariantName = "[No Variations]"
Add component (AddParameter): Name = "Manufacturer URL"; Value = "http://www.yageo.com/"; VariantName = "[No Variations]"
Add component (AddParameter): Name = "MSL"; Value = "MSL1-Unlimited"; VariantName = "[No Variations]"
Add component (AddParameter): Name = "Package Description"; Value = "2-Pin Surface Mounted Device, Body 2 x 1.25 mm"; VariantName = "[No Variations]"
Add component (AddParameter): Name = "Package Reference"; Value = "805"; VariantName = "[No Variations]"
Add component (AddParameter): Name = "Packaging"; Value = "CutTape"; VariantName = "[No Variations]"
Add component (AddParameter): Name = "Power Rating"; Value = "250mW"; VariantName = "[No Variations]"
Add component (AddParameter): Name = "Product Range"; Value = "RCSeries"; VariantName = "[No Variations]"
Add component (AddParameter): Name = "Resistance"; Value = "10k"; VariantName = "[No Variations]"
Add component (AddParameter): Name = "Resistance Tolerance"; Value = "±5%"; VariantName = "[No Variations]"
Add component (AddParameter): Name = "Resistor Case Style"; Value = "0805[2012Metric]"; VariantName = "[No Variations]"
Add component (AddParameter): Name = "Resistor Element Type"; Value = "ThickFilm"; VariantName = "[No Variations]"
Add component (AddParameter): Name = "SVHC"; Value = "ToBeAdvised"; VariantName = "[No Variations]"
Add component (AddParameter): Name = "Temperature Coefficient"; Value = "±100ppm/degC"; VariantName = "[No Variations]"
Add component (AddParameter): Name = "Voltage Rating"; Value = "150V"; VariantName = "[No Variations]"
Added Component: Designator=R?(RESC2013X60X35ML10T20)
Add component (AddParameter): Name = "Automotive Qualification Standard"; Value = "-"; VariantName = "[No Variations]"
Add component (AddParameter): Name = "Datasheet URL"; Value = "http://www.yageo.ru/pdf/RC0805.pdf"; VariantName = "[No Variations]"
Add component (AddParameter): Name = "Datasheet Version"; Value = "REV. 2, 09/2004"; VariantName = "[No Variations]"
Add component (AddParameter): Name = "Manufacturer"; Value = "Yageo"; VariantName = "[No Variations]"
Add component (AddParameter): Name = "Manufacturer URL"; Value = "http://www.yageo.com/"; VariantName = "[No Variations]"
Add component (AddParameter): Name = "MSL"; Value = "MSL1-Unlimited"; VariantName = "[No Variations]"
Add component (AddParameter): Name = "Package Description"; Value = "2-Pin Surface Mounted Device, Body 2 x 1.25 mm"; VariantName = "[No Variations]"
Add component (AddParameter): Name = "Package Reference"; Value = "805"; VariantName = "[No Variations]"
Add component (AddParameter): Name = "Packaging"; Value = "CutTape"; VariantName = "[No Variations]"
Add component (AddParameter): Name = "Power Rating"; Value = "250mW"; VariantName = "[No Variations]"
Add component (AddParameter): Name = "Product Range"; Value = "RCSeries"; VariantName = "[No Variations]"
Add component (AddParameter): Name = "Resistance"; Value = "10k"; VariantName = "[No Variations]"
Add component (AddParameter): Name = "Resistance Tolerance"; Value = "±5%"; VariantName = "[No Variations]"
Add component (AddParameter): Name = "Resistor Case Style"; Value = "0805[2012Metric]"; VariantName = "[No Variations]"
Add component (AddParameter): Name = "Resistor Element Type"; Value = "ThickFilm"; VariantName = "[No Variations]"
Add component (AddParameter): Name = "SVHC"; Value = "ToBeAdvised"; VariantName = "[No Variations]"
Add component (AddParameter): Name = "Temperature Coefficient"; Value = "±100ppm/degC"; VariantName = "[No Variations]"
Add component (AddParameter): Name = "Voltage Rating"; Value = "150V"; VariantName = "[No Variations]"
Added Component: Designator=R?(RESC2013X60X35ML10T20)
Add component (AddParameter): Name = "Automotive Qualification Standard"; Value = "-"; VariantName = "[No Variations]"
Add component (AddParameter): Name = "Datasheet URL"; Value = "http://www.yageo.ru/pdf/RC0805.pdf"; VariantName = "[No Variations]"
Add component (AddParameter): Name = "Datasheet Version"; Value = "REV. 2, 09/2004"; VariantName = "[No Variations]"
Add component (AddParameter): Name = "Manufacturer"; Value = "Yageo"; VariantName = "[No Variations]"
Add component (AddParameter): Name = "Manufacturer URL"; Value = "http://www.yageo.com/"; VariantName = "[No Variations]"
Add component (AddParameter): Name = "MSL"; Value = "MSL1-Unlimited"; VariantName = "[No Variations]"
Add component (AddParameter): Name = "Package Description"; Value = "2-Pin Surface Mounted Device, Body 2 x 1.25 mm"; VariantName = "[No Variations]"
Add component (AddParameter): Name = "Package Reference"; Value = "805"; VariantName = "[No Variations]"
Add component (AddParameter): Name = "Packaging"; Value = "CutTape"; VariantName = "[No Variations]"
Add component (AddParameter): Name = "Power Rating"; Value = "250mW"; VariantName = "[No Variations]"
Add component (AddParameter): Name = "Product Range"; Value = "RCSeries"; VariantName = "[No Variations]"
Add component (AddParameter): Name = "Resistance"; Value = "10k"; VariantName = "[No Variations]"
Add component (AddParameter): Name = "Resistance Tolerance"; Value = "±5%"; VariantName = "[No Variations]"
Add component (AddParameter): Name = "Resistor Case Style"; Value = "0805[2012Metric]"; VariantName = "[No Variations]"
Add component (AddParameter): Name = "Resistor Element Type"; Value = "ThickFilm"; VariantName = "[No Variations]"
Add component (AddParameter): Name = "SVHC"; Value = "ToBeAdvised"; VariantName = "[No Variations]"
Add component (AddParameter): Name = "Temperature Coefficient"; Value = "±100ppm/degC"; VariantName = "[No Variations]"
Add component (AddParameter): Name = "Voltage Rating"; Value = "150V"; VariantName = "[No Variations]"
Added Component: Designator=R?(RESC2013X60X35ML10T20)
Add component (AddParameter): Name = "Automotive Qualification Standard"; Value = "-"; VariantName = "[No Variations]"
Add component (AddParameter): Name = "Datasheet URL"; Value = "http://www.yageo.ru/pdf/RC0805.pdf"; VariantName = "[No Variations]"
Add component (AddParameter): Name = "Datasheet Version"; Value = "REV. 2, 09/2004"; VariantName = "[No Variations]"
Add component (AddParameter): Name = "Manufacturer"; Value = "Yageo"; VariantName = "[No Variations]"
Add component (AddParameter): Name = "Manufacturer URL"; Value = "http://www.yageo.com/"; VariantName = "[No Variations]"
Add component (AddParameter): Name = "MSL"; Value = "MSL1-Unlimited"; VariantName = "[No Variations]"
Add component (AddParameter): Name = "Package Description"; Value = "2-Pin Surface Mounted Device, Body 2 x 1.25 mm"; VariantName = "[No Variations]"
Add component (AddParameter): Name = "Package Reference"; Value = "805"; VariantName = "[No Variations]"
Add component (AddParameter): Name = "Packaging"; Value = "CutTape"; VariantName = "[No Variations]"
Add component (AddParameter): Name = "Power Rating"; Value = "250mW"; VariantName = "[No Variations]"
Add component (AddParameter): Name = "Product Range"; Value = "RCSeries"; VariantName = "[No Variations]"
Add component (AddParameter): Name = "Resistance"; Value = "10k"; VariantName = "[No Variations]"
Add component (AddParameter): Name = "Resistance Tolerance"; Value = "±5%"; VariantName = "[No Variations]"
Add component (AddParameter): Name = "Resistor Case Style"; Value = "0805[2012Metric]"; VariantName = "[No Variations]"
Add component (AddParameter): Name = "Resistor Element Type"; Value = "ThickFilm"; VariantName = "[No Variations]"
Add component (AddParameter): Name = "SVHC"; Value = "ToBeAdvised"; VariantName = "[No Variations]"
Add component (AddParameter): Name = "Temperature Coefficient"; Value = "±100ppm/degC"; VariantName = "[No Variations]"
Add component (AddParameter): Name = "Voltage Rating"; Value = "150V"; VariantName = "[No Variations]"
Added Component: Designator=R?(RESC2013X60X35ML10T20)
Add component (AddParameter): Name = "Automotive Qualification Standard"; Value = "-"; VariantName = "[No Variations]"
Add component (AddParameter): Name = "Datasheet URL"; Value = "http://www.yageo.ru/pdf/RC0805.pdf"; VariantName = "[No Variations]"
Add component (AddParameter): Name = "Datasheet Version"; Value = "REV. 2, 09/2004"; VariantName = "[No Variations]"
Add component (AddParameter): Name = "Manufacturer"; Value = "Yageo"; VariantName = "[No Variations]"
Add component (AddParameter): Name = "Manufacturer URL"; Value = "http://www.yageo.com/"; VariantName = "[No Variations]"
Add component (AddParameter): Name = "MSL"; Value = "MSL1-Unlimited"; VariantName = "[No Variations]"
Add component (AddParameter): Name = "Package Description"; Value = "2-Pin Surface Mounted Device, Body 2 x 1.25 mm"; VariantName = "[No Variations]"
Add component (AddParameter): Name = "Package Reference"; Value = "805"; VariantName = "[No Variations]"
Add component (AddParameter): Name = "Packaging"; Value = "CutTape"; VariantName = "[No Variations]"
Add component (AddParameter): Name = "Power Rating"; Value = "250mW"; VariantName = "[No Variations]"
Add component (AddParameter): Name = "Product Range"; Value = "RCSeries"; VariantName = "[No Variations]"
Add component (AddParameter): Name = "Resistance"; Value = "10k"; VariantName = "[No Variations]"
Add component (AddParameter): Name = "Resistance Tolerance"; Value = "±5%"; VariantName = "[No Variations]"
Add component (AddParameter): Name = "Resistor Case Style"; Value = "0805[2012Metric]"; VariantName = "[No Variations]"
Add component (AddParameter): Name = "Resistor Element Type"; Value = "ThickFilm"; VariantName = "[No Variations]"
Add component (AddParameter): Name = "SVHC"; Value = "ToBeAdvised"; VariantName = "[No Variations]"
Add component (AddParameter): Name = "Temperature Coefficient"; Value = "±100ppm/degC"; VariantName = "[No Variations]"
Add component (AddParameter): Name = "Voltage Rating"; Value = "150V"; VariantName = "[No Variations]"
Added Component: Designator=R?(RESC2013X60X35ML10T20)
Add component (AddParameter): Name = "Automotive Qualification Standard"; Value = "-"; VariantName = "[No Variations]"
Add component (AddParameter): Name = "Datasheet URL"; Value = "http://www.yageo.ru/pdf/RC0805.pdf"; VariantName = "[No Variations]"
Add component (AddParameter): Name = "Datasheet Version"; Value = "REV. 2, 09/2004"; VariantName = "[No Variations]"
Add component (AddParameter): Name = "Manufacturer"; Value = "Yageo"; VariantName = "[No Variations]"
Add component (AddParameter): Name = "Manufacturer URL"; Value = "http://www.yageo.com/"; VariantName = "[No Variations]"
Add component (AddParameter): Name = "MSL"; Value = "MSL1-Unlimited"; VariantName = "[No Variations]"
Add component (AddParameter): Name = "Package Description"; Value = "2-Pin Surface Mounted Device, Body 2 x 1.25 mm"; VariantName = "[No Variations]"
Add component (AddParameter): Name = "Package Reference"; Value = "805"; VariantName = "[No Variations]"
Add component (AddParameter): Name = "Packaging"; Value = "CutTape"; VariantName = "[No Variations]"
Add component (AddParameter): Name = "Power Rating"; Value = "250mW"; VariantName = "[No Variations]"
Add component (AddParameter): Name = "Product Range"; Value = "RCSeries"; VariantName = "[No Variations]"
Add component (AddParameter): Name = "Resistance"; Value = "10k"; VariantName = "[No Variations]"
Add component (AddParameter): Name = "Resistance Tolerance"; Value = "±5%"; VariantName = "[No Variations]"
Add component (AddParameter): Name = "Resistor Case Style"; Value = "0805[2012Metric]"; VariantName = "[No Variations]"
Add component (AddParameter): Name = "Resistor Element Type"; Value = "ThickFilm"; VariantName = "[No Variations]"
Add component (AddParameter): Name = "SVHC"; Value = "ToBeAdvised"; VariantName = "[No Variations]"
Add component (AddParameter): Name = "Temperature Coefficient"; Value = "±100ppm/degC"; VariantName = "[No Variations]"
Add component (AddParameter): Name = "Voltage Rating"; Value = "150V"; VariantName = "[No Variations]"
Added Component: Designator=R?(RESC2013X60X35ML10T20)
Add component (AddParameter): Name = "Automotive Qualification Standard"; Value = "-"; VariantName = "[No Variations]"
Add component (AddParameter): Name = "Datasheet URL"; Value = "http://www.yageo.ru/pdf/RC0805.pdf"; VariantName = "[No Variations]"
Add component (AddParameter): Name = "Datasheet Version"; Value = "REV. 2, 09/2004"; VariantName = "[No Variations]"
Add component (AddParameter): Name = "Manufacturer"; Value = "Yageo"; VariantName = "[No Variations]"
Add component (AddParameter): Name = "Manufacturer URL"; Value = "http://www.yageo.com/"; VariantName = "[No Variations]"
Add component (AddParameter): Name = "MSL"; Value = "MSL1-Unlimited"; VariantName = "[No Variations]"
Add component (AddParameter): Name = "Package Description"; Value = "2-Pin Surface Mounted Device, Body 2 x 1.25 mm"; VariantName = "[No Variations]"
Add component (AddParameter): Name = "Package Reference"; Value = "805"; VariantName = "[No Variations]"
Add component (AddParameter): Name = "Packaging"; Value = "CutTape"; VariantName = "[No Variations]"
Add component (AddParameter): Name = "Power Rating"; Value = "250mW"; VariantName = "[No Variations]"
Add component (AddParameter): Name = "Product Range"; Value = "RCSeries"; VariantName = "[No Variations]"
Add component (AddParameter): Name = "Resistance"; Value = "10k"; VariantName = "[No Variations]"
Add component (AddParameter): Name = "Resistance Tolerance"; Value = "±5%"; VariantName = "[No Variations]"
Add component (AddParameter): Name = "Resistor Case Style"; Value = "0805[2012Metric]"; VariantName = "[No Variations]"
Add component (AddParameter): Name = "Resistor Element Type"; Value = "ThickFilm"; VariantName = "[No Variations]"
Add component (AddParameter): Name = "SVHC"; Value = "ToBeAdvised"; VariantName = "[No Variations]"
Add component (AddParameter): Name = "Temperature Coefficient"; Value = "±100ppm/degC"; VariantName = "[No Variations]"
Add component (AddParameter): Name = "Voltage Rating"; Value = "150V"; VariantName = "[No Variations]"
Added Pin To Net: NetName=OUT1 Pin=IC1-16
Added Pin To Net: NetName=OUT2 Pin=IC1-16
Added Pin To Net: NetName=OUT3 Pin=IC1-16
Added Pin To Net: NetName=OUT5 Pin=IC2-16
Added Pin To Net: NetName=OUT6 Pin=IC2-16
Added Pin To Net: NetName=OUT7 Pin=IC2-16
Added Pin To Net: NetName=IN1 Pin=Q?-1
Added Pin To Net: NetName=IN5 Pin=Q?-1
Added Pin To Net: NetName=GND Pin=Q?-2
Added Pin To Net: NetName=GND Pin=Q?-2
Added Pin To Net: NetName=IN2 Pin=Q?-3
Added Pin To Net: NetName=IN6 Pin=Q?-3
Added Pin To Net: NetName=GND Pin=Q?-4
Added Pin To Net: NetName=GND Pin=Q?-4
Added Pin To Net: NetName=IN3 Pin=Q?-5
Added Pin To Net: NetName=IN7 Pin=Q?-5
Added Pin To Net: NetName=GND Pin=Q?-6
Added Pin To Net: NetName=GND Pin=Q?-6
Added Pin To Net: NetName=IN4 Pin=Q?-7
Added Pin To Net: NetName=IN8 Pin=Q?-7
Added Pin To Net: NetName=GND Pin=Q?-8
Added Pin To Net: NetName=GND Pin=Q?-8
Added Pin To Net: NetName=GND Pin=Q?-9
Added Pin To Net: NetName=GND Pin=Q?-9
Added Pin To Net: NetName=OUT4 Pin=Q?-10
Added Pin To Net: NetName=OUT8 Pin=Q?-10
Added Pin To Net: NetName=GND Pin=Q?-11
Added Pin To Net: NetName=GND Pin=Q?-11
Added Pin To Net: NetName=OUT3 Pin=Q?-12
Added Pin To Net: NetName=OUT7 Pin=Q?-12
Added Pin To Net: NetName=GND Pin=Q?-13
Added Pin To Net: NetName=GND Pin=Q?-13
Added Pin To Net: NetName=OUT2 Pin=Q?-14
Added Pin To Net: NetName=OUT6 Pin=Q?-14
Added Pin To Net: NetName=GND Pin=Q?-15
Added Pin To Net: NetName=GND Pin=Q?-15
Added Pin To Net: NetName=OUT1 Pin=Q?-16
Added Pin To Net: NetName=OUT5 Pin=Q?-16
Added Pin To Net: NetName=+3V3 Pin=R?-1
Added Pin To Net: NetName=+3V3 Pin=R?-1
Added Pin To Net: NetName=+3V3 Pin=R?-1
Added Pin To Net: NetName=+3V3 Pin=R?-1
Added Pin To Net: NetName=+3V3 Pin=R?-1
Added Pin To Net: NetName=+3V3 Pin=R?-1
Added Pin To Net: NetName=+3V3 Pin=R?-1
Added Pin To Net: NetName=+3V3 Pin=R?-1
Added Pin To Net: NetName=OUT1 Pin=R?-2
Added Pin To Net: NetName=OUT2 Pin=R?-2
Added Pin To Net: NetName=OUT3 Pin=R?-2
Added Pin To Net: NetName=OUT4 Pin=R?-2
Added Pin To Net: NetName=OUT5 Pin=R?-2
Added Pin To Net: NetName=OUT6 Pin=R?-2
Added Pin To Net: NetName=OUT7 Pin=R?-2
Added Pin To Net: NetName=OUT8 Pin=R?-2
Change Net Color : Old Net Color=RGB(158, 161, 117) New Net Color=White
Change Net Color : Old Net Color=RGB(158, 161, 117) New Net Color=White
Change Net Color : Old Net Color=RGB(158, 161, 117) New Net Color=White
Add Net: Net with name "NetIC1_1" already exists
Add Net: Net with name "NetIC1_1" already exists
Add Net: Net with name "NetIC1_1" already exists
Add Net: Net with name "NetIC2_1" already exists
Add Net: Net with name "NetIC2_1" already exists
Add Net: Net with name "NetIC2_1" already exists
Added Member To Class: ClassName=METAL DETECT Member=Component Q? LTV-247
Added Member To Class: ClassName=METAL DETECT Member=Component Q? LTV-247
Added Member To Class: ClassName=METAL DETECT Member=Component R? RC0805JR-0710KL
Added Member To Class: ClassName=METAL DETECT Member=Component R? RC0805JR-0710KL
Added Member To Class: ClassName=METAL DETECT Member=Component R? RC0805JR-0710KL
Added Member To Class: ClassName=METAL DETECT Member=Component R? RC0805JR-0710KL
Added Member To Class: ClassName=METAL DETECT Member=Component R? RC0805JR-0710KL
Added Member To Class: ClassName=METAL DETECT Member=Component R? RC0805JR-0710KL
Added Member To Class: ClassName=METAL DETECT Member=Component R? RC0805JR-0710KL
Added Member To Class: ClassName=METAL DETECT Member=Component R? RC0805JR-0710KL
