Removed Pin From Net: NetName=VBUS Pin=C1-1
Removed Pin From Net: NetName=GND Pin=C1-2
Removed Pin From Net: NetName=VBUS Pin=C2-1
Removed Pin From Net: NetName=GND Pin=C2-2
Removed Pin From Net: NetName=+3V3 Pin=C3-1
Removed Pin From Net: NetName=GND Pin=C3-2
Removed Pin From Net: NetName=+5 Pin=C?-1
Removed Pin From Net: NetName=NetC?_1 Pin=C?-1
Removed Pin From Net: NetName=GND Pin=C?-2
Removed Pin From Net: NetName=GND Pin=C?-2
Removed Pin From Net: NetName=GND Pin=D?-2
Removed Pin From Net: NetName=+12 Pin=DC-Jack?-1
Removed Pin From Net: NetName=GND Pin=DC-Jack?-2
Removed Pin From Net: NetName=GND Pin=DC-Jack?-3
Removed Pin From Net: NetName=GND Pin=J2-MP1
Removed Pin From Net: NetName=GND Pin=J2-MP2
Removed Pin From Net: NetName=RM_PU Pin=J?-1
Removed Pin From Net: NetName=RM_DR Pin=J?-3
Removed Pin From Net: NetName=GND Pin=J?-4
Removed Pin From Net: NetName=+5 Pin=L?-2
Removed Pin From Net: NetName=+12 Pin=Main switch?-1
Removed Pin From Net: NetName=NetC?_1 Pin=Main switch?-2
Removed Pin From Net: NetName=NetC?_1 Pin=Switch regulator?-1
Removed Pin From Net: NetName=GND Pin=Switch regulator?-3
Removed Pin From Net: NetName=+5 Pin=Switch regulator?-4
Removed Pin From Net: NetName=GND Pin=Switch regulator?-5
Removed Pin From Net: NetName=GND Pin=U1-1
Removed Pin From Net: NetName=+3V3 Pin=U1-2
Removed Pin From Net: NetName=VBUS Pin=U1-3
Removed Pin From Net: NetName=+3V3 Pin=U1-4
Removed Member From Class: ClassName=USB Member=C1
Removed Member From Class: ClassName=USB Member=C2
Removed Member From Class: ClassName=USB Member=C3
Removed Member From Class: ClassName=POWER Member=D?
Removed Member From Class: ClassName=POWER Member=DC-Jack?
Removed Member From Class: ClassName=CONNECTORS Member=J2
Removed Member From Class: ClassName=POWER Member=Main switch?
Removed Member From Class: ClassName=POWER Member=Switch regulator?
Removed Member From Class: ClassName=USB Member=U1
Change Component Footprint: Designator=C? Old Footprint=PNSC-ECA-1VM221-2 New Footprint=FP-T491D476K025AT-MFG
Change Component Footprint: Designator=C? Old Footprint=PNSC-ECA-1VM221-2 New Footprint=FP-TAJA-MFG
Change Component Footprint: Designator=L? Old Footprint=WE-MI_1206_L3.2W1.6H1.1 New Footprint=WE-MI_1206_L3.2W1.6H1.1
Change Component Comment : Designator=C? Old Comment=220uF New Comment=T491D476K025AT
Change Component Comment : Designator=C? Old Comment=680uF New Comment=TAJA106K016RNJ
Change Managed Component Library Link : Designator=C? Old VaultGUID=B7D15EC3-160A-466F-A46C-7801FE6295A7 New VaultGUID=B7D15EC3-160A-466F-A46C-7801FE6295A7 Old ItemGUID=72BDAA74-A0A1-44ED-AC36-8BE939634D0B New ItemGUID=78D32CC4-C8EB-4DC9-A378-581882A6F166 Old RevisionGUID=90E769C1-02E4-47B2-B773-A7C1376EC405 New RevisionGUID=916495C5-3819-4957-A9AD-DDE178F5A669
Change Managed Component Library Link : Designator=C? Old VaultGUID=B7D15EC3-160A-466F-A46C-7801FE6295A7 New VaultGUID=B7D15EC3-160A-466F-A46C-7801FE6295A7 Old ItemGUID=72BDAA74-A0A1-44ED-AC36-8BE939634D0B New ItemGUID=6052285F-2A7A-4EC8-BE13-C23FB23EF81F Old RevisionGUID=90E769C1-02E4-47B2-B773-A7C1376EC405 New RevisionGUID=6557F04C-D9D6-4049-B940-077B4B1EB23B
Change component parameters: Designator = "C11" ("C11"); Footprint = "FP-C0805C-DN-MFG"; UniqueID = "\ENIAMCOH" ("\ENIAMCOH")
Change component parameters (AddParameter): Name = "Automotive"; Value = "No"; VariantName = "[No Variations]"
Change component parameters (AddParameter): Name = "Capacitance"; Value = "6 pF"; VariantName = "[No Variations]"
Change component parameters (AddParameter): Name = "Category"; Value = "Cap"; VariantName = "[No Variations]"
Change component parameters (AddParameter): Name = "ComponentLink2Description"; Value = "Datasheet"; VariantName = "[No Variations]"
Change component parameters (AddParameter): Name = "ComponentLink2URL"; Value = "https://content.kemet.com/datasheets/KEM_C1003_C0G_SMD.pdf"; VariantName = "[No Variations]"
Change component parameters (AddParameter): Name = "Device Class L1"; Value = "Passive Components"; VariantName = "[No Variations]"
Change component parameters (AddParameter): Name = "Device Class L2"; Value = "Capacitors"; VariantName = "[No Variations]"
Change component parameters (AddParameter): Name = "Device Class L3"; Value = "Ceramic Capacitors"; VariantName = "[No Variations]"
Change component parameters (AddParameter): Name = "Digikey Description"; Value = "CAP CER 12PF 50V C0G/NP0 0805"; VariantName = "[No Variations]"
Change component parameters (AddParameter): Name = "Height"; Value = "0.88mm"; VariantName = "[No Variations]"
Change component parameters (AddParameter): Name = "Ipc Land Pattern Name"; Value = "CAPC200125X78"; VariantName = "[No Variations]"
Change component parameters (AddParameter): Name = "Lead Free"; Value = "Yes"; VariantName = "[No Variations]"
Change component parameters (AddParameter): Name = "Manufacturer"; Value = "KEMET"; VariantName = "[No Variations]"
Change component parameters (AddParameter): Name = "Manufacturer Part Number"; Value = "C0805C120J5GACTU"; VariantName = "[No Variations]"
Change component parameters (AddParameter): Name = "Material"; Value = "Ceramic"; VariantName = "[No Variations]"
Change component parameters (AddParameter): Name = "Mouser Description"; Value = "Multilayer Ceramic Capacitors MLCC - SMD/SMT 50volts 12pF C0G 5%"; VariantName = "[No Variations]"
Change component parameters (AddParameter): Name = "Octopart"; Value = "https://octopart.com/c0805c120j5gactu-kemet-126518"; VariantName = "[No Variations]"
Change component parameters (AddParameter): Name = "Package"; Value = "C0805C-DN"; VariantName = "[No Variations]"
Change component parameters (AddParameter): Name = "RoHS"; Value = "TRUE"; VariantName = "[No Variations]"
Change component parameters (AddParameter): Name = "Temperature"; Value = "-55°C to +125°C"; VariantName = "[No Variations]"
Change component parameters (AddParameter): Name = "Temperature Characteristic"; Value = "C0G"; VariantName = "[No Variations]"
Change component parameters (AddParameter): Name = "Temperature Coefficient"; Value = "30ppm/°C"; VariantName = "[No Variations]"
Change component parameters (AddParameter): Name = "Temperature Range High"; Value = "+125°C"; VariantName = "[No Variations]"
Change component parameters (AddParameter): Name = "Temperature Range Low"; Value = "-55°C"; VariantName = "[No Variations]"
Change component parameters (AddParameter): Name = "Tolerance"; Value = "0.05"; VariantName = "[No Variations]"
Change component parameters (AddParameter): Name = "Value"; Value = "12 pF"; VariantName = "[No Variations]"
Change component parameters (AddParameter): Name = "Voltage Rating"; Value = "50 V"; VariantName = "[No Variations]"
Change component parameters: Designator = "C12" ("C12"); Footprint = "FP-C0805C-DN-MFG"; UniqueID = "\VRUZWKMM" ("\VRUZWKMM")
Change component parameters (AddParameter): Name = "Automotive"; Value = "No"; VariantName = "[No Variations]"
Change component parameters (AddParameter): Name = "Capacitance"; Value = "6 pF"; VariantName = "[No Variations]"
Change component parameters (AddParameter): Name = "Category"; Value = "Cap"; VariantName = "[No Variations]"
Change component parameters (AddParameter): Name = "ComponentLink2Description"; Value = "Datasheet"; VariantName = "[No Variations]"
Change component parameters (AddParameter): Name = "ComponentLink2URL"; Value = "https://content.kemet.com/datasheets/KEM_C1003_C0G_SMD.pdf"; VariantName = "[No Variations]"
Change component parameters (AddParameter): Name = "Device Class L1"; Value = "Passive Components"; VariantName = "[No Variations]"
Change component parameters (AddParameter): Name = "Device Class L2"; Value = "Capacitors"; VariantName = "[No Variations]"
Change component parameters (AddParameter): Name = "Device Class L3"; Value = "Ceramic Capacitors"; VariantName = "[No Variations]"
Change component parameters (AddParameter): Name = "Digikey Description"; Value = "CAP CER 12PF 50V C0G/NP0 0805"; VariantName = "[No Variations]"
Change component parameters (AddParameter): Name = "Height"; Value = "0.88mm"; VariantName = "[No Variations]"
Change component parameters (AddParameter): Name = "Ipc Land Pattern Name"; Value = "CAPC200125X78"; VariantName = "[No Variations]"
Change component parameters (AddParameter): Name = "Lead Free"; Value = "Yes"; VariantName = "[No Variations]"
Change component parameters (AddParameter): Name = "Manufacturer"; Value = "KEMET"; VariantName = "[No Variations]"
Change component parameters (AddParameter): Name = "Manufacturer Part Number"; Value = "C0805C120J5GACTU"; VariantName = "[No Variations]"
Change component parameters (AddParameter): Name = "Material"; Value = "Ceramic"; VariantName = "[No Variations]"
Change component parameters (AddParameter): Name = "Mouser Description"; Value = "Multilayer Ceramic Capacitors MLCC - SMD/SMT 50volts 12pF C0G 5%"; VariantName = "[No Variations]"
Change component parameters (AddParameter): Name = "Octopart"; Value = "https://octopart.com/c0805c120j5gactu-kemet-126518"; VariantName = "[No Variations]"
Change component parameters (AddParameter): Name = "Package"; Value = "C0805C-DN"; VariantName = "[No Variations]"
Change component parameters (AddParameter): Name = "RoHS"; Value = "TRUE"; VariantName = "[No Variations]"
Change component parameters (AddParameter): Name = "Temperature"; Value = "-55°C to +125°C"; VariantName = "[No Variations]"
Change component parameters (AddParameter): Name = "Temperature Characteristic"; Value = "C0G"; VariantName = "[No Variations]"
Change component parameters (AddParameter): Name = "Temperature Coefficient"; Value = "30ppm/°C"; VariantName = "[No Variations]"
Change component parameters (AddParameter): Name = "Temperature Range High"; Value = "+125°C"; VariantName = "[No Variations]"
Change component parameters (AddParameter): Name = "Temperature Range Low"; Value = "-55°C"; VariantName = "[No Variations]"
Change component parameters (AddParameter): Name = "Tolerance"; Value = "0.05"; VariantName = "[No Variations]"
Change component parameters (AddParameter): Name = "Value"; Value = "12 pF"; VariantName = "[No Variations]"
Change component parameters (AddParameter): Name = "Voltage Rating"; Value = "50 V"; VariantName = "[No Variations]"
Change component parameters: Designator = "C?" ("C?"); Footprint = "PNSC-ECA-1VM221-2"; UniqueID = "\XCAIGNVT" ("\XCAIGNVT")
Change component parameters (AddParameter): Name = "Capacitance"; Value = "10uF"; VariantName = "[No Variations]"
Change component parameters (AddParameter): Name = "Case Code (Imperial)"; Value = "1206"; VariantName = "[No Variations]"
Change component parameters (AddParameter): Name = "Case Code (Metric)"; Value = "3216"; VariantName = "[No Variations]"
Change component parameters (AddParameter): Name = "Case/Package"; Value = "1206"; VariantName = "[No Variations]"
Change component parameters (AddParameter): Name = "Depth"; Value = "1.6mm"; VariantName = "[No Variations]"
Change component parameters (AddParameter): Name = "Dielectric Material"; Value = "Tantalum"; VariantName = "[No Variations]"
Change component parameters (AddParameter): Name = "Dissipation Factor"; Value = "8%"; VariantName = "[No Variations]"
Change component parameters (AddParameter): Name = "ESR (Equivalent Series Resistance)"; Value = "3R"; VariantName = "[No Variations]"
Change component parameters (AddParameter): Name = "Features"; Value = "General Purpose"; VariantName = "[No Variations]"
Change component parameters (AddParameter): Name = "Height"; Value = "1.6mm"; VariantName = "[No Variations]"
Change component parameters (AddParameter): Name = "Height - Seated (Max)"; Value = "0.071inch"; VariantName = "[No Variations]"
Change component parameters (AddParameter): Name = "Lead Free"; Value = "Lead Free"; VariantName = "[No Variations]"
Change component parameters (AddParameter): Name = "Lead Pitch"; Value = "1.1mm"; VariantName = "[No Variations]"
Change component parameters (AddParameter): Name = "Leakage Current"; Value = "1.6uA"; VariantName = "[No Variations]"
Change component parameters (AddParameter): Name = "Length"; Value = "3.2mm"; VariantName = "[No Variations]"
Change component parameters (AddParameter): Name = "Max Operating Temperature"; Value = "125°C"; VariantName = "[No Variations]"
Change component parameters (AddParameter): Name = "Min Operating Temperature"; Value = "-55°C"; VariantName = "[No Variations]"
Change component parameters (AddParameter): Name = "Mount"; Value = "Surface Mount"; VariantName = "[No Variations]"
Change component parameters (AddParameter): Name = "Number of Pins"; Value = "2"; VariantName = "[No Variations]"
Change component parameters (AddParameter): Name = "Package Quantity"; Value = "1"; VariantName = "[No Variations]"
Change component parameters (AddParameter): Name = "Packaging"; Value = "Tape and Reel"; VariantName = "[No Variations]"
Change component parameters (AddParameter): Name = "Polarity"; Value = "Polar"; VariantName = "[No Variations]"
Change component parameters (AddParameter): Name = "Radiation Hardening"; Value = "No"; VariantName = "[No Variations]"
Change component parameters (AddParameter): Name = "REACH SVHC"; Value = "No SVHC"; VariantName = "[No Variations]"
Change component parameters (AddParameter): Name = "Termination"; Value = "SMD/SMT"; VariantName = "[No Variations]"
Change component parameters (AddParameter): Name = "Tolerance"; Value = "10%"; VariantName = "[No Variations]"
Change component parameters (AddParameter): Name = "Voltage"; Value = "16V"; VariantName = "[No Variations]"
Change component parameters (AddParameter): Name = "Voltage Rating"; Value = "16V"; VariantName = "[No Variations]"
Change component parameters (AddParameter): Name = "Voltage Rating (DC)"; Value = "16V"; VariantName = "[No Variations]"
Change component parameters (AddParameter): Name = "Width"; Value = "1.6mm"; VariantName = "[No Variations]"
Change component parameters: Designator = "C?" ("C?"); Footprint = "PNSC-ECA-1VM221-2"; UniqueID = "\UFNQLFEI" ("\UFNQLFEI")
Change component parameters (AddParameter): Name = "Capacitance"; Value = "47uF"; VariantName = "[No Variations]"
Change component parameters (AddParameter): Name = "Case Code (Imperial)"; Value = "2917"; VariantName = "[No Variations]"
Change component parameters (AddParameter): Name = "Case Code (Metric)"; Value = "7343"; VariantName = "[No Variations]"
Change component parameters (AddParameter): Name = "Case/Package"; Value = "2917"; VariantName = "[No Variations]"
Change component parameters (AddParameter): Name = "Depth"; Value = "4.3mm"; VariantName = "[No Variations]"
Change component parameters (AddParameter): Name = "Dielectric Material"; Value = "Tantalum"; VariantName = "[No Variations]"
Change component parameters (AddParameter): Name = "Dissipation Factor"; Value = "10%"; VariantName = "[No Variations]"
Change component parameters (AddParameter): Name = "ESR (Equivalent Series Resistance)"; Value = "700mR"; VariantName = "[No Variations]"
Change component parameters (AddParameter): Name = "Failure Rate"; Value = "0.001%"; VariantName = "[No Variations]"
Change component parameters (AddParameter): Name = "Features"; Value = "General Purpose"; VariantName = "[No Variations]"
Change component parameters (AddParameter): Name = "Height"; Value = "2.8mm"; VariantName = "[No Variations]"
Change component parameters (AddParameter): Name = "Height - Seated (Max)"; Value = "0.122inch"; VariantName = "[No Variations]"
Change component parameters (AddParameter): Name = "Lead Free"; Value = "Lead Free"; VariantName = "[No Variations]"
Change component parameters (AddParameter): Name = "Leakage Current"; Value = "11.8uA"; VariantName = "[No Variations]"
Change component parameters (AddParameter): Name = "Length"; Value = "7.3mm"; VariantName = "[No Variations]"
Change component parameters (AddParameter): Name = "Life (Hours)"; Value = "2000Hour"; VariantName = "[No Variations]"
Change component parameters (AddParameter): Name = "Max Operating Temperature"; Value = "125°C"; VariantName = "[No Variations]"
Change component parameters (AddParameter): Name = "Min Operating Temperature"; Value = "-55°C"; VariantName = "[No Variations]"
Change component parameters (AddParameter): Name = "Mount"; Value = "Surface Mount"; VariantName = "[No Variations]"
Change component parameters (AddParameter): Name = "Number of Pins"; Value = "2"; VariantName = "[No Variations]"
Change component parameters (AddParameter): Name = "Package Quantity"; Value = "1"; VariantName = "[No Variations]"
Change component parameters (AddParameter): Name = "Packaging"; Value = "Tape and Reel"; VariantName = "[No Variations]"
Change component parameters (AddParameter): Name = "Polarity"; Value = "Polar"; VariantName = "[No Variations]"
Change component parameters (AddParameter): Name = "Radiation Hardening"; Value = "No"; VariantName = "[No Variations]"
Change component parameters (AddParameter): Name = "REACH SVHC"; Value = "No SVHC"; VariantName = "[No Variations]"
Change component parameters (AddParameter): Name = "Ripple Current"; Value = "463mA"; VariantName = "[No Variations]"
Change component parameters (AddParameter): Name = "RoHS Compliant"; Value = "Yes"; VariantName = "[No Variations]"
Change component parameters (AddParameter): Name = "Termination"; Value = "SMD/SMT"; VariantName = "[No Variations]"
Change component parameters (AddParameter): Name = "Tolerance"; Value = "10%"; VariantName = "[No Variations]"
Change component parameters (AddParameter): Name = "Voltage"; Value = "25V"; VariantName = "[No Variations]"
Change component parameters (AddParameter): Name = "Voltage Rating"; Value = "25V"; VariantName = "[No Variations]"
Change component parameters (AddParameter): Name = "Voltage Rating (DC)"; Value = "25V"; VariantName = "[No Variations]"
Change component parameters (AddParameter): Name = "Weight"; Value = "0.023634oz"; VariantName = "[No Variations]"
Change component parameters (AddParameter): Name = "Width"; Value = "4.3mm"; VariantName = "[No Variations]"
Added Component: Designator=C?(FP-CGA3E-0_3-0_1-MFG)
Add component (AddParameter): Name = "Capacitance"; Value = "6pF"; VariantName = "[No Variations]"
Add component (AddParameter): Name = "Case Code (Imperial)"; Value = "0603"; VariantName = "[No Variations]"
Add component (AddParameter): Name = "Case Code (Metric)"; Value = "1608"; VariantName = "[No Variations]"
Add component (AddParameter): Name = "Case/Package"; Value = "0603"; VariantName = "[No Variations]"
Add component (AddParameter): Name = "Composition"; Value = "Ceramic"; VariantName = "[No Variations]"
Add component (AddParameter): Name = "Depth"; Value = "0.8mm"; VariantName = "[No Variations]"
Add component (AddParameter): Name = "Dielectric"; Value = "C0G"; VariantName = "[No Variations]"
Add component (AddParameter): Name = "Height"; Value = "0.8mm"; VariantName = "[No Variations]"
Add component (AddParameter): Name = "Length"; Value = "1.6mm"; VariantName = "[No Variations]"
Add component (AddParameter): Name = "Max Operating Temperature"; Value = "125°C"; VariantName = "[No Variations]"
Add component (AddParameter): Name = "Min Operating Temperature"; Value = "-55°C"; VariantName = "[No Variations]"
Add component (AddParameter): Name = "Mount"; Value = "Surface Mount"; VariantName = "[No Variations]"
Add component (AddParameter): Name = "Package Quantity"; Value = "1"; VariantName = "[No Variations]"
Add component (AddParameter): Name = "Packaging"; Value = "Tape and Reel"; VariantName = "[No Variations]"
Add component (AddParameter): Name = "Ratings"; Value = "AEC-Q200"; VariantName = "[No Variations]"
Add component (AddParameter): Name = "REACH SVHC"; Value = "No SVHC"; VariantName = "[No Variations]"
Add component (AddParameter): Name = "Termination"; Value = "SMD/SMT"; VariantName = "[No Variations]"
Add component (AddParameter): Name = "Thickness"; Value = "0.035inch"; VariantName = "[No Variations]"
Add component (AddParameter): Name = "Voltage Rating"; Value = "50V"; VariantName = "[No Variations]"
Add component (AddParameter): Name = "Voltage Rating (DC)"; Value = "50V"; VariantName = "[No Variations]"
Add component (AddParameter): Name = "Weight"; Value = "7.1E-05oz"; VariantName = "[No Variations]"
Add component (AddParameter): Name = "Width"; Value = "0.031inch"; VariantName = "[No Variations]"
Added Component: Designator=C?(CAPC1608X87X35LL15T15)
Add component (AddParameter): Name = "Manufacturer"; Value = "Kemet"; VariantName = "[No Variations]"
Add component (AddParameter): Name = "Part Number"; Value = "C0603C105K3RACTU"; VariantName = "[No Variations]"
Added Component: Designator=C?(FP-C0805C475K8PACTU-MFG)
Add component (AddParameter): Name = "Capacitance"; Value = "4.7uF"; VariantName = "[No Variations]"
Add component (AddParameter): Name = "Case Code (Imperial)"; Value = "0805"; VariantName = "[No Variations]"
Add component (AddParameter): Name = "Case Code (Metric)"; Value = "2012"; VariantName = "[No Variations]"
Add component (AddParameter): Name = "Case/Package"; Value = "0805"; VariantName = "[No Variations]"
Add component (AddParameter): Name = "Construction"; Value = "Flat"; VariantName = "[No Variations]"
Add component (AddParameter): Name = "Depth"; Value = "1.25mm"; VariantName = "[No Variations]"
Add component (AddParameter): Name = "Dielectric"; Value = "X5R"; VariantName = "[No Variations]"
Add component (AddParameter): Name = "Dielectric Material"; Value = "Ceramic"; VariantName = "[No Variations]"
Add component (AddParameter): Name = "Dissipation Factor"; Value = "5%"; VariantName = "[No Variations]"
Add component (AddParameter): Name = "Height"; Value = "1.25mm"; VariantName = "[No Variations]"
Add component (AddParameter): Name = "Lead Free"; Value = "Lead Free"; VariantName = "[No Variations]"
Add component (AddParameter): Name = "Lead Pitch"; Value = "0.75mm"; VariantName = "[No Variations]"
Add component (AddParameter): Name = "Length"; Value = "2mm"; VariantName = "[No Variations]"
Add component (AddParameter): Name = "Max Operating Temperature"; Value = "85°C"; VariantName = "[No Variations]"
Add component (AddParameter): Name = "Min Operating Temperature"; Value = "-55°C"; VariantName = "[No Variations]"
Add component (AddParameter): Name = "Mount"; Value = "Surface Mount"; VariantName = "[No Variations]"
Add component (AddParameter): Name = "Number of Pins"; Value = "2"; VariantName = "[No Variations]"
Add component (AddParameter): Name = "Package Quantity"; Value = "1"; VariantName = "[No Variations]"
Add component (AddParameter): Name = "Packaging"; Value = "Tape and Reel"; VariantName = "[No Variations]"
Add component (AddParameter): Name = "Radiation Hardening"; Value = "No"; VariantName = "[No Variations]"
Add component (AddParameter): Name = "REACH SVHC"; Value = "No SVHC"; VariantName = "[No Variations]"
Add component (AddParameter): Name = "RoHS Compliant"; Value = "Yes"; VariantName = "[No Variations]"
Add component (AddParameter): Name = "Series"; Value = "C"; VariantName = "[No Variations]"
Add component (AddParameter): Name = "Termination"; Value = "SMD/SMT"; VariantName = "[No Variations]"
Add component (AddParameter): Name = "Thickness"; Value = "0.055inch"; VariantName = "[No Variations]"
Add component (AddParameter): Name = "Tolerance"; Value = "10%"; VariantName = "[No Variations]"
Add component (AddParameter): Name = "Voltage"; Value = "10V"; VariantName = "[No Variations]"
Add component (AddParameter): Name = "Voltage Rating"; Value = "10V"; VariantName = "[No Variations]"
Add component (AddParameter): Name = "Voltage Rating (DC)"; Value = "10V"; VariantName = "[No Variations]"
Add component (AddParameter): Name = "Width"; Value = "1.2mm"; VariantName = "[No Variations]"
Added Component: Designator=C?(CAPC1608X87X35LL15T15)
Add component (AddParameter): Name = "Manufacturer"; Value = "Kemet"; VariantName = "[No Variations]"
Add component (AddParameter): Name = "Part Number"; Value = "C0603C105K3RACTU"; VariantName = "[No Variations]"
Added Component: Designator=C?(FP-C0805C475K8PACTU-MFG)
Add component (AddParameter): Name = "Capacitance"; Value = "4.7uF"; VariantName = "[No Variations]"
Add component (AddParameter): Name = "Case Code (Imperial)"; Value = "0805"; VariantName = "[No Variations]"
Add component (AddParameter): Name = "Case Code (Metric)"; Value = "2012"; VariantName = "[No Variations]"
Add component (AddParameter): Name = "Case/Package"; Value = "0805"; VariantName = "[No Variations]"
Add component (AddParameter): Name = "Construction"; Value = "Flat"; VariantName = "[No Variations]"
Add component (AddParameter): Name = "Depth"; Value = "1.25mm"; VariantName = "[No Variations]"
Add component (AddParameter): Name = "Dielectric"; Value = "X5R"; VariantName = "[No Variations]"
Add component (AddParameter): Name = "Dielectric Material"; Value = "Ceramic"; VariantName = "[No Variations]"
Add component (AddParameter): Name = "Dissipation Factor"; Value = "5%"; VariantName = "[No Variations]"
Add component (AddParameter): Name = "Height"; Value = "1.25mm"; VariantName = "[No Variations]"
Add component (AddParameter): Name = "Lead Free"; Value = "Lead Free"; VariantName = "[No Variations]"
Add component (AddParameter): Name = "Lead Pitch"; Value = "0.75mm"; VariantName = "[No Variations]"
Add component (AddParameter): Name = "Length"; Value = "2mm"; VariantName = "[No Variations]"
Add component (AddParameter): Name = "Max Operating Temperature"; Value = "85°C"; VariantName = "[No Variations]"
Add component (AddParameter): Name = "Min Operating Temperature"; Value = "-55°C"; VariantName = "[No Variations]"
Add component (AddParameter): Name = "Mount"; Value = "Surface Mount"; VariantName = "[No Variations]"
Add component (AddParameter): Name = "Number of Pins"; Value = "2"; VariantName = "[No Variations]"
Add component (AddParameter): Name = "Package Quantity"; Value = "1"; VariantName = "[No Variations]"
Add component (AddParameter): Name = "Packaging"; Value = "Tape and Reel"; VariantName = "[No Variations]"
Add component (AddParameter): Name = "Radiation Hardening"; Value = "No"; VariantName = "[No Variations]"
Add component (AddParameter): Name = "REACH SVHC"; Value = "No SVHC"; VariantName = "[No Variations]"
Add component (AddParameter): Name = "RoHS Compliant"; Value = "Yes"; VariantName = "[No Variations]"
Add component (AddParameter): Name = "Series"; Value = "C"; VariantName = "[No Variations]"
Add component (AddParameter): Name = "Termination"; Value = "SMD/SMT"; VariantName = "[No Variations]"
Add component (AddParameter): Name = "Thickness"; Value = "0.055inch"; VariantName = "[No Variations]"
Add component (AddParameter): Name = "Tolerance"; Value = "10%"; VariantName = "[No Variations]"
Add component (AddParameter): Name = "Voltage"; Value = "10V"; VariantName = "[No Variations]"
Add component (AddParameter): Name = "Voltage Rating"; Value = "10V"; VariantName = "[No Variations]"
Add component (AddParameter): Name = "Voltage Rating (DC)"; Value = "10V"; VariantName = "[No Variations]"
Add component (AddParameter): Name = "Width"; Value = "1.2mm"; VariantName = "[No Variations]"
Added Component: Designator=C?(FP-CGA3E-0_3-0_1-MFG)
Add component (AddParameter): Name = "Capacitance"; Value = "6pF"; VariantName = "[No Variations]"
Add component (AddParameter): Name = "Case Code (Imperial)"; Value = "0603"; VariantName = "[No Variations]"
Add component (AddParameter): Name = "Case Code (Metric)"; Value = "1608"; VariantName = "[No Variations]"
Add component (AddParameter): Name = "Case/Package"; Value = "0603"; VariantName = "[No Variations]"
Add component (AddParameter): Name = "Composition"; Value = "Ceramic"; VariantName = "[No Variations]"
Add component (AddParameter): Name = "Depth"; Value = "0.8mm"; VariantName = "[No Variations]"
Add component (AddParameter): Name = "Dielectric"; Value = "C0G"; VariantName = "[No Variations]"
Add component (AddParameter): Name = "Height"; Value = "0.8mm"; VariantName = "[No Variations]"
Add component (AddParameter): Name = "Length"; Value = "1.6mm"; VariantName = "[No Variations]"
Add component (AddParameter): Name = "Max Operating Temperature"; Value = "125°C"; VariantName = "[No Variations]"
Add component (AddParameter): Name = "Min Operating Temperature"; Value = "-55°C"; VariantName = "[No Variations]"
Add component (AddParameter): Name = "Mount"; Value = "Surface Mount"; VariantName = "[No Variations]"
Add component (AddParameter): Name = "Package Quantity"; Value = "1"; VariantName = "[No Variations]"
Add component (AddParameter): Name = "Packaging"; Value = "Tape and Reel"; VariantName = "[No Variations]"
Add component (AddParameter): Name = "Ratings"; Value = "AEC-Q200"; VariantName = "[No Variations]"
Add component (AddParameter): Name = "REACH SVHC"; Value = "No SVHC"; VariantName = "[No Variations]"
Add component (AddParameter): Name = "Termination"; Value = "SMD/SMT"; VariantName = "[No Variations]"
Add component (AddParameter): Name = "Thickness"; Value = "0.035inch"; VariantName = "[No Variations]"
Add component (AddParameter): Name = "Voltage Rating"; Value = "50V"; VariantName = "[No Variations]"
Add component (AddParameter): Name = "Voltage Rating (DC)"; Value = "50V"; VariantName = "[No Variations]"
Add component (AddParameter): Name = "Weight"; Value = "7.1E-05oz"; VariantName = "[No Variations]"
Add component (AddParameter): Name = "Width"; Value = "0.031inch"; VariantName = "[No Variations]"
Added Component: Designator=FB?(FP-MH2029-MFG)
Add component (AddParameter): Name = "Automotive"; Value = "No"; VariantName = "[No Variations]"
Add component (AddParameter): Name = "Category"; Value = "FBead"; VariantName = "[No Variations]"
Add component (AddParameter): Name = "ComponentLink2Description"; Value = "Datasheet"; VariantName = "[No Variations]"
Add component (AddParameter): Name = "ComponentLink2URL"; Value = "https://www.bourns.com/docs/Product-Datasheets/mh.pdf"; VariantName = "[No Variations]"
Add component (AddParameter): Name = "Core Material"; Value = "Ferrite"; VariantName = "[No Variations]"
Add component (AddParameter): Name = "Device Class L1"; Value = "Passive Components"; VariantName = "[No Variations]"
Add component (AddParameter): Name = "Device Class L2"; Value = "EMI / RFI Components"; VariantName = "[No Variations]"
Add component (AddParameter): Name = "Device Class L3"; Value = "Ferrite Beads and Chips"; VariantName = "[No Variations]"
Add component (AddParameter): Name = "Digikey Description"; Value = "FERRITE BEAD 30 OHM 0805 1LN"; VariantName = "[No Variations]"
Add component (AddParameter): Name = "Height"; Value = "1.1mm"; VariantName = "[No Variations]"
Add component (AddParameter): Name = "Impedance At Frequency"; Value = "30O @ 100MHz"; VariantName = "[No Variations]"
Add component (AddParameter): Name = "Ipc Land Pattern Name"; Value = "CAPC200120X90"; VariantName = "[No Variations]"
Add component (AddParameter): Name = "Lead Free"; Value = "Yes"; VariantName = "[No Variations]"
Add component (AddParameter): Name = "Manufacturer"; Value = "Bourns"; VariantName = "[No Variations]"
Add component (AddParameter): Name = "Manufacturer Part Number"; Value = "MH2029-300Y"; VariantName = "[No Variations]"
Add component (AddParameter): Name = "Mouser Description"; Value = "Ferrite Beads 30 ohms 25% HIGH CURRENT"; VariantName = "[No Variations]"
Add component (AddParameter): Name = "Octopart"; Value = "https://octopart.com/mh2029-300y-bourns-756929"; VariantName = "[No Variations]"
Add component (AddParameter): Name = "Package"; Value = "MH2029"; VariantName = "[No Variations]"
Add component (AddParameter): Name = "Resistance"; Value = "30O"; VariantName = "[No Variations]"
Add component (AddParameter): Name = "Rms Current"; Value = "3A"; VariantName = "[No Variations]"
Add component (AddParameter): Name = "RoHS"; Value = "TRUE"; VariantName = "[No Variations]"
Add component (AddParameter): Name = "Series Resistance"; Value = "25mO"; VariantName = "[No Variations]"
Add component (AddParameter): Name = "Temperature"; Value = "-55°C to +125°C"; VariantName = "[No Variations]"
Add component (AddParameter): Name = "Temperature Range High"; Value = "+125°C"; VariantName = "[No Variations]"
Add component (AddParameter): Name = "Temperature Range Low"; Value = "-55°C"; VariantName = "[No Variations]"
Add component (AddParameter): Name = "Tolerance"; Value = "25%"; VariantName = "[No Variations]"
Add component (AddParameter): Name = "Value"; Value = "30O"; VariantName = "[No Variations]"
Add Component: Footprint Not Found JST_B8B-XH-A(LF)(SN)
Add Component: Footprint Not Found JST_B8B-XH-A(LF)(SN)
Add Component: Footprint Not Found JST_B8B-XH-A(LF)(SN)
Added Component: Designator=J?(FP-90130-1140-MFG)
Add component (AddParameter): Name = "Color"; Value = "Black"; VariantName = "[No Variations]"
Add component (AddParameter): Name = "Connector Type"; Value = "Male Pin"; VariantName = "[No Variations]"
Add component (AddParameter): Name = "Contact Material"; Value = "Brass"; VariantName = "[No Variations]"
Add component (AddParameter): Name = "Contact Mating Length"; Value = "6.7564mm"; VariantName = "[No Variations]"
Add component (AddParameter): Name = "Contact Plating"; Value = "Tin"; VariantName = "[No Variations]"
Add component (AddParameter): Name = "Country of Origin"; Value = "SK"; VariantName = "[No Variations]"
Add component (AddParameter): Name = "Current Rating"; Value = "3A"; VariantName = "[No Variations]"
Add component (AddParameter): Name = "Gender"; Value = "Male"; VariantName = "[No Variations]"
Add component (AddParameter): Name = "Glow Wire Compliant"; Value = "Non-compliant"; VariantName = "[No Variations]"
Add component (AddParameter): Name = "Height"; Value = "11.1mm"; VariantName = "[No Variations]"
Add component (AddParameter): Name = "Housing Color"; Value = "Black"; VariantName = "[No Variations]"
Add component (AddParameter): Name = "Housing Material"; Value = "Polyester"; VariantName = "[No Variations]"
Add component (AddParameter): Name = "Lead Free"; Value = "Lead Free"; VariantName = "[No Variations]"
Add component (AddParameter): Name = "Lifecycle Status"; Value = "Production"; VariantName = "[No Variations]"
Add component (AddParameter): Name = "Manufacturer Lifecycle Status"; Value = "ACTIVE"; VariantName = "[No Variations]"
Add component (AddParameter): Name = "Max Operating Temperature"; Value = "125°C"; VariantName = "[No Variations]"
Add component (AddParameter): Name = "Max Voltage Rating (DC)"; Value = "350.35kV"; VariantName = "[No Variations]"
Add component (AddParameter): Name = "Min Operating Temperature"; Value = "-55°C"; VariantName = "[No Variations]"
Add component (AddParameter): Name = "Mount"; Value = "Through Hole"; VariantName = "[No Variations]"
Add component (AddParameter): Name = "NexarPartId"; Value = "655600"; VariantName = "[No Variations]"
Add component (AddParameter): Name = "Number of Circuits"; Value = "40"; VariantName = "[No Variations]"
Add component (AddParameter): Name = "Number of Contacts"; Value = "40"; VariantName = "[No Variations]"
Add component (AddParameter): Name = "Number of Pins"; Value = "40"; VariantName = "[No Variations]"
Add component (AddParameter): Name = "Number of Positions"; Value = "40"; VariantName = "[No Variations]"
Add component (AddParameter): Name = "Number of Rows"; Value = "2"; VariantName = "[No Variations]"
Add component (AddParameter): Name = "Orientation"; Value = "Vertical"; VariantName = "[No Variations]"
Add component (AddParameter): Name = "Pitch"; Value = "2.54mm"; VariantName = "[No Variations]"
Add component (AddParameter): Name = "Plating"; Value = "Tin"; VariantName = "[No Variations]"
Add component (AddParameter): Name = "Radiation Hardening"; Value = "No"; VariantName = "[No Variations]"
Add component (AddParameter): Name = "REACH SVHC"; Value = "No SVHC"; VariantName = "[No Variations]"
Add component (AddParameter): Name = "RoHS"; Value = "Compliant"; VariantName = "[No Variations]"
Add component (AddParameter): Name = "Row Spacing"; Value = "2.54mm"; VariantName = "[No Variations]"
Add component (AddParameter): Name = "Termination"; Value = "Solder"; VariantName = "[No Variations]"
Add component (AddParameter): Name = "Voltage Rating"; Value = "350V"; VariantName = "[No Variations]"
Added Component: Designator=J?(JST_B5B-XH-A(LF)(SN))
Add component (AddParameter): Name = "Check_prices"; Value = "https://www.snapeda.com/parts/B5B-XH-A(LF)(SN)/JST+Sales+America+Inc./view-part/?ref=eda"; VariantName = "[No Variations]"
Add component (AddParameter): Name = "MF"; Value = "JST Sales America Inc."; VariantName = "[No Variations]"
Add component (AddParameter): Name = "MP"; Value = "B5B-XH-A(LF)(SN)"; VariantName = "[No Variations]"
Add component (AddParameter): Name = "Package"; Value = "None"; VariantName = "[No Variations]"
Add component (AddParameter): Name = "SnapEDA_Link"; Value = "https://www.snapeda.com/parts/B5B-XH-A(LF)(SN)/JST+Sales+America+Inc./view-part/?ref=snap"; VariantName = "[No Variations]"
Add component (AddParameter): Name = "Value"; Value = ""; VariantName = "[No Variations]"
Added Component: Designator=J?(FP-90130-1140-MFG)
Add component (AddParameter): Name = "Color"; Value = "Black"; VariantName = "[No Variations]"
Add component (AddParameter): Name = "Connector Type"; Value = "Male Pin"; VariantName = "[No Variations]"
Add component (AddParameter): Name = "Contact Material"; Value = "Brass"; VariantName = "[No Variations]"
Add component (AddParameter): Name = "Contact Mating Length"; Value = "6.7564mm"; VariantName = "[No Variations]"
Add component (AddParameter): Name = "Contact Plating"; Value = "Tin"; VariantName = "[No Variations]"
Add component (AddParameter): Name = "Country of Origin"; Value = "SK"; VariantName = "[No Variations]"
Add component (AddParameter): Name = "Current Rating"; Value = "3A"; VariantName = "[No Variations]"
Add component (AddParameter): Name = "Gender"; Value = "Male"; VariantName = "[No Variations]"
Add component (AddParameter): Name = "Glow Wire Compliant"; Value = "Non-compliant"; VariantName = "[No Variations]"
Add component (AddParameter): Name = "Height"; Value = "11.1mm"; VariantName = "[No Variations]"
Add component (AddParameter): Name = "Housing Color"; Value = "Black"; VariantName = "[No Variations]"
Add component (AddParameter): Name = "Housing Material"; Value = "Polyester"; VariantName = "[No Variations]"
Add component (AddParameter): Name = "Lead Free"; Value = "Lead Free"; VariantName = "[No Variations]"
Add component (AddParameter): Name = "Lifecycle Status"; Value = "Production"; VariantName = "[No Variations]"
Add component (AddParameter): Name = "Manufacturer Lifecycle Status"; Value = "ACTIVE"; VariantName = "[No Variations]"
Add component (AddParameter): Name = "Max Operating Temperature"; Value = "125°C"; VariantName = "[No Variations]"
Add component (AddParameter): Name = "Max Voltage Rating (DC)"; Value = "350.35kV"; VariantName = "[No Variations]"
Add component (AddParameter): Name = "Min Operating Temperature"; Value = "-55°C"; VariantName = "[No Variations]"
Add component (AddParameter): Name = "Mount"; Value = "Through Hole"; VariantName = "[No Variations]"
Add component (AddParameter): Name = "NexarPartId"; Value = "655600"; VariantName = "[No Variations]"
Add component (AddParameter): Name = "Number of Circuits"; Value = "40"; VariantName = "[No Variations]"
Add component (AddParameter): Name = "Number of Contacts"; Value = "40"; VariantName = "[No Variations]"
Add component (AddParameter): Name = "Number of Pins"; Value = "40"; VariantName = "[No Variations]"
Add component (AddParameter): Name = "Number of Positions"; Value = "40"; VariantName = "[No Variations]"
Add component (AddParameter): Name = "Number of Rows"; Value = "2"; VariantName = "[No Variations]"
Add component (AddParameter): Name = "Orientation"; Value = "Vertical"; VariantName = "[No Variations]"
Add component (AddParameter): Name = "Pitch"; Value = "2.54mm"; VariantName = "[No Variations]"
Add component (AddParameter): Name = "Plating"; Value = "Tin"; VariantName = "[No Variations]"
Add component (AddParameter): Name = "Radiation Hardening"; Value = "No"; VariantName = "[No Variations]"
Add component (AddParameter): Name = "REACH SVHC"; Value = "No SVHC"; VariantName = "[No Variations]"
Add component (AddParameter): Name = "RoHS"; Value = "Compliant"; VariantName = "[No Variations]"
Add component (AddParameter): Name = "Row Spacing"; Value = "2.54mm"; VariantName = "[No Variations]"
Add component (AddParameter): Name = "Termination"; Value = "Solder"; VariantName = "[No Variations]"
Add component (AddParameter): Name = "Voltage Rating"; Value = "350V"; VariantName = "[No Variations]"
Added Component: Designator=U?(FP-SOT223-0046067-IPC_C)
Add component (AddParameter): Name = "Accuracy Percentage"; Value = "2%"; VariantName = "[No Variations]"
Add component (AddParameter): Name = "Automotive"; Value = "No"; VariantName = "[No Variations]"
Add component (AddParameter): Name = "Category"; Value = "IC"; VariantName = "[No Variations]"
Add component (AddParameter): Name = "ComponentLink2Description"; Value = "Datasheet"; VariantName = "[No Variations]"
Add component (AddParameter): Name = "ComponentLink2URL"; Value = "https://www.st.com/resource/en/datasheet/ldl1117.pdf"; VariantName = "[No Variations]"
Add component (AddParameter): Name = "Device Class L1"; Value = "Integrated Circuits (ICs)"; VariantName = "[No Variations]"
Add component (AddParameter): Name = "Device Class L2"; Value = "Power Management ICs"; VariantName = "[No Variations]"
Add component (AddParameter): Name = "Device Class L3"; Value = "Voltage Regulators - Linear"; VariantName = "[No Variations]"
Add component (AddParameter): Name = "Digikey Description"; Value = "IC REG LINEAR 3.3V 1.2A SOT223"; VariantName = "[No Variations]"
Add component (AddParameter): Name = "Dropout Voltage"; Value = "350mV"; VariantName = "[No Variations]"
Add component (AddParameter): Name = "Height"; Value = "1.9mm"; VariantName = "[No Variations]"
Add component (AddParameter): Name = "Ipc Land Pattern Name"; Value = "SOT230P700X190-4"; VariantName = "[No Variations]"
Add component (AddParameter): Name = "Lead Free"; Value = "Yes"; VariantName = "[No Variations]"
Add component (AddParameter): Name = "Manufacturer"; Value = "STMicroelectronics"; VariantName = "[No Variations]"
Add component (AddParameter): Name = "Manufacturer Part Number"; Value = "LDL1117S33R"; VariantName = "[No Variations]"
Add component (AddParameter): Name = "Max Junction Temp"; Value = "+125°C"; VariantName = "[No Variations]"
Add component (AddParameter): Name = "Max Supply Voltage"; Value = "18V"; VariantName = "[No Variations]"
Add component (AddParameter): Name = "Min Supply Voltage"; Value = "2.6V"; VariantName = "[No Variations]"
Add component (AddParameter): Name = "Mouser Description"; Value = "LDL1117 Series 1.2 A 3.3 V High PSRR LDO Linear Voltage Regulator-SOT-223"; VariantName = "[No Variations]"
Add component (AddParameter): Name = "Nominal Supply Current"; Value = "250uA"; VariantName = "[No Variations]"
Add component (AddParameter): Name = "Number Of Outputs"; Value = "1"; VariantName = "[No Variations]"
Add component (AddParameter): Name = "Octopart"; Value = "https://octopart.com/ldl1117s33r-stmicroelectronics-81876163"; VariantName = "[No Variations]"
Add component (AddParameter): Name = "Output Current"; Value = "2A"; VariantName = "[No Variations]"
Add component (AddParameter): Name = "Output Type"; Value = "Fixed"; VariantName = "[No Variations]"
Add component (AddParameter): Name = "Output Voltage"; Value = "3.3V"; VariantName = "[No Variations]"
Add component (AddParameter): Name = "Package"; Value = "SOT223-0046067"; VariantName = "[No Variations]"
Add component (AddParameter): Name = "RoHS"; Value = "TRUE"; VariantName = "[No Variations]"
Add component (AddParameter): Name = "Standoff Height"; Value = "0.02mm"; VariantName = "[No Variations]"
Add component (AddParameter): Name = "Temperature"; Value = "-40°C to +125°C"; VariantName = "[No Variations]"
Add component (AddParameter): Name = "Temperature Range High"; Value = "+125°C"; VariantName = "[No Variations]"
Add component (AddParameter): Name = "Temperature Range Low"; Value = "-40°C"; VariantName = "[No Variations]"
Added Component: Designator=U?(FP-SOT223-0046067-IPC_C)
Add component (AddParameter): Name = "Accuracy Percentage"; Value = "2%"; VariantName = "[No Variations]"
Add component (AddParameter): Name = "Automotive"; Value = "No"; VariantName = "[No Variations]"
Add component (AddParameter): Name = "Category"; Value = "IC"; VariantName = "[No Variations]"
Add component (AddParameter): Name = "ComponentLink2Description"; Value = "Datasheet"; VariantName = "[No Variations]"
Add component (AddParameter): Name = "ComponentLink2URL"; Value = "https://www.st.com/resource/en/datasheet/ldl1117.pdf"; VariantName = "[No Variations]"
Add component (AddParameter): Name = "Device Class L1"; Value = "Integrated Circuits (ICs)"; VariantName = "[No Variations]"
Add component (AddParameter): Name = "Device Class L2"; Value = "Power Management ICs"; VariantName = "[No Variations]"
Add component (AddParameter): Name = "Device Class L3"; Value = "Voltage Regulators - Linear"; VariantName = "[No Variations]"
Add component (AddParameter): Name = "Digikey Description"; Value = "IC REG LINEAR 3.3V 1.2A SOT223"; VariantName = "[No Variations]"
Add component (AddParameter): Name = "Dropout Voltage"; Value = "350mV"; VariantName = "[No Variations]"
Add component (AddParameter): Name = "Height"; Value = "1.9mm"; VariantName = "[No Variations]"
Add component (AddParameter): Name = "Ipc Land Pattern Name"; Value = "SOT230P700X190-4"; VariantName = "[No Variations]"
Add component (AddParameter): Name = "Lead Free"; Value = "Yes"; VariantName = "[No Variations]"
Add component (AddParameter): Name = "Manufacturer"; Value = "STMicroelectronics"; VariantName = "[No Variations]"
Add component (AddParameter): Name = "Manufacturer Part Number"; Value = "LDL1117S33R"; VariantName = "[No Variations]"
Add component (AddParameter): Name = "Max Junction Temp"; Value = "+125°C"; VariantName = "[No Variations]"
Add component (AddParameter): Name = "Max Supply Voltage"; Value = "18V"; VariantName = "[No Variations]"
Add component (AddParameter): Name = "Min Supply Voltage"; Value = "2.6V"; VariantName = "[No Variations]"
Add component (AddParameter): Name = "Mouser Description"; Value = "LDL1117 Series 1.2 A 3.3 V High PSRR LDO Linear Voltage Regulator-SOT-223"; VariantName = "[No Variations]"
Add component (AddParameter): Name = "Nominal Supply Current"; Value = "250uA"; VariantName = "[No Variations]"
Add component (AddParameter): Name = "Number Of Outputs"; Value = "1"; VariantName = "[No Variations]"
Add component (AddParameter): Name = "Octopart"; Value = "https://octopart.com/ldl1117s33r-stmicroelectronics-81876163"; VariantName = "[No Variations]"
Add component (AddParameter): Name = "Output Current"; Value = "2A"; VariantName = "[No Variations]"
Add component (AddParameter): Name = "Output Type"; Value = "Fixed"; VariantName = "[No Variations]"
Add component (AddParameter): Name = "Output Voltage"; Value = "3.3V"; VariantName = "[No Variations]"
Add component (AddParameter): Name = "Package"; Value = "SOT223-0046067"; VariantName = "[No Variations]"
Add component (AddParameter): Name = "RoHS"; Value = "TRUE"; VariantName = "[No Variations]"
Add component (AddParameter): Name = "Standoff Height"; Value = "0.02mm"; VariantName = "[No Variations]"
Add component (AddParameter): Name = "Temperature"; Value = "-40°C to +125°C"; VariantName = "[No Variations]"
Add component (AddParameter): Name = "Temperature Range High"; Value = "+125°C"; VariantName = "[No Variations]"
Add component (AddParameter): Name = "Temperature Range Low"; Value = "-40°C"; VariantName = "[No Variations]"
Added Component: Designator=U?(FP-DCU0008A-MFG)
Add component (AddParameter): Name = "Ambient Temperature Range High"; Value = "+85°C"; VariantName = "[No Variations]"
Add component (AddParameter): Name = "Ambient Temperature Range Low"; Value = "-40°C"; VariantName = "[No Variations]"
Add component (AddParameter): Name = "Automotive"; Value = "No"; VariantName = "[No Variations]"
Add component (AddParameter): Name = "Category"; Value = "IC"; VariantName = "[No Variations]"
Add component (AddParameter): Name = "ComponentLink2Description"; Value = "Datasheet"; VariantName = "[No Variations]"
Add component (AddParameter): Name = "ComponentLink2URL"; Value = "http://www.ti.com/lit/ds/symlink/txs0102.pdf"; VariantName = "[No Variations]"
Add component (AddParameter): Name = "Data Rate"; Value = "24Mbits/s"; VariantName = "[No Variations]"
Add component (AddParameter): Name = "Device Class L1"; Value = "Integrated Circuits (ICs)"; VariantName = "[No Variations]"
Add component (AddParameter): Name = "Device Class L2"; Value = "Logic ICs"; VariantName = "[No Variations]"
Add component (AddParameter): Name = "Device Class L3"; Value = "Voltage Level Shifters"; VariantName = "[No Variations]"
Add component (AddParameter): Name = "Digikey Description"; Value = "IC TRNSLTR BIDIRECTIONAL US8"; VariantName = "[No Variations]"
Add component (AddParameter): Name = "Height"; Value = "0.9mm"; VariantName = "[No Variations]"
Add component (AddParameter): Name = "Lead Free"; Value = "Yes"; VariantName = "[No Variations]"
Add component (AddParameter): Name = "Logic Function Desc"; Value = "Bidirectional Voltage-Level Translator"; VariantName = "[No Variations]"
Add component (AddParameter): Name = "Manufacturer"; Value = "Texas Instruments"; VariantName = "[No Variations]"
Add component (AddParameter): Name = "Manufacturer Part Number"; Value = "TXS0102DCUR"; VariantName = "[No Variations]"
Add component (AddParameter): Name = "Max Junction Temp"; Value = "+150°C"; VariantName = "[No Variations]"
Add component (AddParameter): Name = "Max Supply Voltage"; Value = "5.5V"; VariantName = "[No Variations]"
Add component (AddParameter): Name = "Min Supply Voltage"; Value = "1.65V"; VariantName = "[No Variations]"
Add component (AddParameter): Name = "Mouser Description"; Value = "Translation - Voltage Levels 2-Bit Bi-Directional Voltage-Level-Trans"; VariantName = "[No Variations]"
Add component (AddParameter): Name = "Nominal Supply Current"; Value = "1-14.4uA"; VariantName = "[No Variations]"
Add component (AddParameter): Name = "Number Of Circuits"; Value = "1"; VariantName = "[No Variations]"
Add component (AddParameter): Name = "Number Of Inputs"; Value = "2"; VariantName = "[No Variations]"
Add component (AddParameter): Name = "Number Of Outputs"; Value = "2"; VariantName = "[No Variations]"
Add component (AddParameter): Name = "Octopart"; Value = "https://octopart.com/txs0102dcur-texas+instruments-5414308"; VariantName = "[No Variations]"
Add component (AddParameter): Name = "Package"; Value = "DCU0008A"; VariantName = "[No Variations]"
Add component (AddParameter): Name = "RoHS"; Value = "TRUE"; VariantName = "[No Variations]"
Add component (AddParameter): Name = "Standoff Height"; Value = "0mm"; VariantName = "[No Variations]"
Add component (AddParameter): Name = "Temperature"; Value = "-40°C to +85°C"; VariantName = "[No Variations]"
Add component (AddParameter): Name = "Temperature Range High"; Value = "+85°C"; VariantName = "[No Variations]"
Add component (AddParameter): Name = "Temperature Range Low"; Value = "-40°C"; VariantName = "[No Variations]"
Add component (AddParameter): Name = "V A Max"; Value = "3.6V"; VariantName = "[No Variations]"
Add component (AddParameter): Name = "V A Min"; Value = "1.65V"; VariantName = "[No Variations]"
Add component (AddParameter): Name = "V B Max"; Value = "5.5V"; VariantName = "[No Variations]"
Add component (AddParameter): Name = "V B Min"; Value = "2.3V"; VariantName = "[No Variations]"
Added Pin To Net: NetName=+3V3 Pin=C?-1
Added Pin To Net: NetName=+3V3 Pin=C?-1
Added Pin To Net: NetName=GND Pin=C?-1
Added Pin To Net: NetName=GND Pin=C?-1
Added Pin To Net: NetName=NetC?_1 Pin=C?-1
Added Pin To Net: NetName=+5 Pin=C?-2
Added Pin To Net: NetName=+5 Pin=C?-2
Added Pin To Net: NetName=GND Pin=C?-2
Added Pin To Net: NetName=GND Pin=C?-2
Added Pin To Net: NetName=+3V3 Pin=J?-1
Added Pin To Net: NetName=GND Pin=J?-1
Added Pin To Net: NetName=LM_PU Pin=J?-1
Added Pin To Net: NetName=LRCLK_TF Pin=J?-1
Added Pin To Net: NetName=METAL_SEN1 Pin=J?-1
Added Pin To Net: NetName=RM_PU Pin=J?-1
Added Pin To Net: NetName=BCLK_TK Pin=J?-2
Added Pin To Net: NetName=GND Pin=J?-2
Added Pin To Net: NetName=METAL_SEN2 Pin=J?-2
Added Pin To Net: NetName=+5 Pin=J?-3
Added Pin To Net: NetName=DIN_TD Pin=J?-3
Added Pin To Net: NetName=LM_DR Pin=J?-3
Added Pin To Net: NetName=METAL_SEN3 Pin=J?-3
Added Pin To Net: NetName=RM_DR Pin=J?-3
Added Pin To Net: NetName=TRG_SONAR2 Pin=J?-3
Added Pin To Net: NetName=GND Pin=J?-4
Added Pin To Net: NetName=GND Pin=J?-4
Added Pin To Net: NetName=METAL_SEN4 Pin=J?-4
Added Pin To Net: NetName=PWM_SONAR2 Pin=J?-4
Added Pin To Net: NetName=+5 Pin=J?-5
Added Pin To Net: NetName=LM_MF Pin=J?-5
Added Pin To Net: NetName=METAL_SEN5 Pin=J?-5
Added Pin To Net: NetName=RM_MF Pin=J?-5
Added Pin To Net: NetName=GND Pin=J?-6
Added Pin To Net: NetName=METAL_SEN6 Pin=J?-6
Added Pin To Net: NetName=LM_ALM Pin=J?-7
Added Pin To Net: NetName=METAL_SEN7 Pin=J?-7
Added Pin To Net: NetName=RM_ALM Pin=J?-7
Added Pin To Net: NetName=GND Pin=J?-8
Added Pin To Net: NetName=METAL_SEN8 Pin=J?-8
Added Pin To Net: NetName=DB8 Pin=J?-11
Added Pin To Net: NetName=DB9 Pin=J?-13
Added Pin To Net: NetName=DB10 Pin=J?-15
Added Pin To Net: NetName=DB11 Pin=J?-17
Added Pin To Net: NetName=DB12 Pin=J?-19
Added Pin To Net: NetName=DB13 Pin=J?-21
Added Pin To Net: NetName=NetC?_1 Pin=L?-1
Added Pin To Net: NetName=GND Pin=U?-1
Added Pin To Net: NetName=GND Pin=U?-1
Added Pin To Net: NetName=+3V3 Pin=U?-2
Added Pin To Net: NetName=+3V3 Pin=U?-2
Added Pin To Net: NetName=+5 Pin=U?-3
Added Pin To Net: NetName=+5 Pin=U?-3
Added Pin To Net: NetName=+3V3 Pin=U?-4
Added Pin To Net: NetName=+3V3 Pin=U?-4
Added Pin To Net: NetName=NetC?_1 Pin=U?-5
Add Net: Net with name "DB8" already exists
Add Net: Net with name "DB9" already exists
Added Pin To Net: NetName=NC Pin=J?-5
Added Net: Name=NC
Add Net: Net with name "SP1_MISO2" already exists
Add Net: Net with name "SP1_MOSI2" already exists
Add Net: Net with name "USB_N" already exists
Added Member To Class: ClassName=MOTOR_DVR Member=Component C? CL21B104KOANNNC
Added Member To Class: ClassName=MOTOR_DVR Member=Component C? CL21B104KOANNNC
Added Member To Class: ClassName=MOTOR_DVR Member=Component C? CL21B104KOANNNC
Added Member To Class: ClassName=MOTOR_DVR Member=Component C? CL21B104KOANNNC
Added Member To Class: ClassName=MOTOR_DVR Member=Component C? CL21B104KOANNNC
Added Member To Class: ClassName=MOTOR_DVR Member=Component C? CL21B104KOANNNC
Added Member To Class: ClassName=MOTOR_DVR Member=Component C? CL21B104KOANNNC
Added Member To Class: ClassName=POWER Member=Component C? 100nF
Added Member To Class: ClassName=POWER Member=Component C? 10uF
Added Member To Class: ClassName=POWER Member=Component C? 22uF
Added Member To Class: ClassName=POWER Member=Component C? 22uF
Added Member To Class: ClassName=POWER Member=Component C? 1uF
Added Member To Class: ClassName=POWER Member=Component C? 4.7uF
Added Member To Class: ClassName=POWER Member=Component C? T491D476K025AT
Added Member To Class: ClassName=SAM3X_MCU2 Member=Component C? CL21B104KOANNNC
Added Member To Class: ClassName=SAM3X_MCU2 Member=Component C? CGA3E2C0G1H060D080AA
Added Member To Class: ClassName=USB Member=Component C? C1210C107M4PACTU
Added Member To Class: ClassName=USB Member=Component C? 4.7uF
Added Member To Class: ClassName=USB Member=Component C? C1210C107M4PACTU
Added Member To Class: ClassName=USB Member=Component C? CL21B104KOANNNC
Added Member To Class: ClassName=USB Member=Component C? CL21B104KOANNNC
Added Member To Class: ClassName=USB Member=Component FB? MH2029-300Y
Added Member To Class: ClassName=CONNECTORS Member=Component J? SONAR2
Added Member To Class: ClassName=CONNECTORS Member=Component J? 90130-1140
Added Member To Class: ClassName=CONNECTORS Member=Component J? METAL_SEN
Added Member To Class: ClassName=CONNECTORS Member=Component J? SONAR3
Added Member To Class: ClassName=CONNECTORS Member=Component J? 90130-1140
Added Member To Class: ClassName=CONNECTORS Member=Component J? SONAR1
Added Member To Class: ClassName=MOTOR_DVR Member=Component J? RIGHT_MOTOR
Added Member To Class: ClassName=POWER Member=Component L? 7447916
Added Member To Class: ClassName=METAL DETECT Member=Component R? RC0805JR-0710KL
Added Member To Class: ClassName=METAL DETECT Member=Component R? RC0805JR-0710KL
Added Member To Class: ClassName=METAL DETECT Member=Component R? RC0805JR-0710KL
Added Member To Class: ClassName=METAL DETECT Member=Component R? RC0805JR-0710KL
Added Member To Class: ClassName=METAL DETECT Member=Component R? RC0805JR-0710KL
Added Member To Class: ClassName=METAL DETECT Member=Component R? RC0805JR-0710KL
Added Member To Class: ClassName=METAL DETECT Member=Component R? RC0805JR-0710KL
Added Member To Class: ClassName=USB Member=Component RV? CG0603MLC-05E
Added Member To Class: ClassName=MOTOR_DVR Member=Component U? SN74LVC2T45DCTR
Added Member To Class: ClassName=MOTOR_DVR Member=Component U? SN74LVC2T45DCTR
Added Member To Class: ClassName=MOTOR_DVR Member=Component U? SN74LVC2T45DCTR
Added Member To Class: ClassName=MOTOR_DVR Member=Component U? SN74LVC2T45DCTR
Added Member To Class: ClassName=POWER Member=Component U? AP63205WU-7
Added Member To Class: ClassName=USB Member=Component U? W25Q128FVSIG
