Removed Pin From Net: NetName=GND Pin=IC1-2
Removed Pin From Net: NetName=GND Pin=IC1-15
Removed Pin From Net: NetName=OUT4 Pin=IC1-16
Removed Pin From Net: NetName=GND Pin=IC2-2
Removed Pin From Net: NetName=GND Pin=IC2-15
Removed Pin From Net: NetName=OUT8 Pin=IC2-16
Removed Pin From Net: NetName=IN8 Pin=R1-2
Removed Pin From Net: NetName=IN4 Pin=R2-2
Removed Pin From Net: NetName=IN6 Pin=R4-2
Removed Pin From Net: NetName=+3V3 Pin=R6-1
Removed Pin From Net: NetName=OUT2 Pin=R6-2
Removed Pin From Net: NetName=+3V3 Pin=R7-1
Removed Pin From Net: NetName=OUT4 Pin=R7-2
Removed Pin From Net: NetName=IN2 Pin=R8-2
Removed Pin From Net: NetName=+3V3 Pin=R9-1
Removed Pin From Net: NetName=OUT6 Pin=R9-2
Removed Pin From Net: NetName=+3V3 Pin=R10-1
Removed Pin From Net: NetName=OUT8 Pin=R10-2
Removed Pin From Net: NetName=IN1 Pin=R11-2
Removed Pin From Net: NetName=IN3 Pin=R12-2
Removed Pin From Net: NetName=IN5 Pin=R13-2
Removed Pin From Net: NetName=IN7 Pin=R14-2
Removed Pin From Net: NetName=+3V3 Pin=R15-1
Removed Pin From Net: NetName=OUT1 Pin=R15-2
Removed Pin From Net: NetName=+3V3 Pin=R16-1
Removed Pin From Net: NetName=OUT3 Pin=R16-2
Removed Pin From Net: NetName=+3V3 Pin=R17-1
Removed Pin From Net: NetName=OUT5 Pin=R17-2
Removed Pin From Net: NetName=+3V3 Pin=R18-1
Removed Pin From Net: NetName=OUT7 Pin=R18-2
Removed Member From Class: ClassName=SOUND SYSTEM Member=C10
Removed Member From Class: ClassName=USB-C Member=C15
Removed Member From Class: ClassName=USB-C Member=C16
Removed Member From Class: ClassName=METAL DETECT Member=IC1
Removed Member From Class: ClassName=METAL DETECT Member=IC2
Removed Member From Class: ClassName=METAL DETECT Member=J?1
Removed Member From Class: ClassName=METAL DETECT Member=R4
Removed Member From Class: ClassName=METAL DETECT Member=R9
Removed Member From Class: ClassName=METAL DETECT Member=R10
Removed Member From Class: ClassName=METAL DETECT Member=R11
Removed Member From Class: ClassName=SOUND SYSTEM Member=R11
Removed Member From Class: ClassName=METAL DETECT Member=R12
Removed Member From Class: ClassName=METAL DETECT Member=R13
Removed Member From Class: ClassName=METAL DETECT Member=R14
Removed Member From Class: ClassName=METAL DETECT Member=R15
Removed Member From Class: ClassName=METAL DETECT Member=R16
Removed Member From Class: ClassName=METAL DETECT Member=R17
Removed Member From Class: ClassName=USB-C Member=U4
Change Component Designator: OldDesignator=C1 NewDesignator=C20
Change Component Designator: OldDesignator=C2 NewDesignator=C24
Change Component Designator: OldDesignator=C3 NewDesignator=C21
Change Component Designator: OldDesignator=C4 NewDesignator=C22
Change Component Designator: OldDesignator=C5 NewDesignator=C23
Change Component Designator: OldDesignator=C6 NewDesignator=C15
Change Component Designator: OldDesignator=C7 NewDesignator=C16
Change Component Designator: OldDesignator=C8 NewDesignator=C18
Change Component Designator: OldDesignator=C9 NewDesignator=C19
Change Component Designator: OldDesignator=C10 NewDesignator=C2
Change Component Designator: OldDesignator=C11 NewDesignator=C1
Change Component Designator: OldDesignator=C12 NewDesignator=C3
Change Component Designator: OldDesignator=C13 NewDesignator=C11
Change Component Designator: OldDesignator=C14 NewDesignator=C17
Change Component Designator: OldDesignator=C15 NewDesignator=C12
Change Component Designator: OldDesignator=C16 NewDesignator=C13
Change Component Designator: OldDesignator=C17 NewDesignator=C14
Change Component Designator: OldDesignator=C18 NewDesignator=C10
Change Component Designator: OldDesignator=C19 NewDesignator=C9
Change Component Designator: OldDesignator=C20 NewDesignator=C5
Change Component Designator: OldDesignator=C21 NewDesignator=C7
Change Component Designator: OldDesignator=C22 NewDesignator=C6
Change Component Designator: OldDesignator=C23 NewDesignator=C4
Change Component Designator: OldDesignator=C24 NewDesignator=C8
Change Component Designator: OldDesignator=D1 NewDesignator=D2
Change Component Designator: OldDesignator=D2 NewDesignator=D1
Change Component Designator: OldDesignator=Q?1 NewDesignator=Q?
Change Component Designator: OldDesignator=Q?2 NewDesignator=Q?
Change Component Designator: OldDesignator=R3 NewDesignator=R17
Change Component Designator: OldDesignator=R5 NewDesignator=R18
Change Component Designator: OldDesignator=R?1 NewDesignator=R?
Change Component Designator: OldDesignator=R?2 NewDesignator=R?
Change Component Designator: OldDesignator=R?3 NewDesignator=R?
Change Component Designator: OldDesignator=R?4 NewDesignator=R?
Change Component Designator: OldDesignator=R?5 NewDesignator=R?
Change Component Designator: OldDesignator=R?6 NewDesignator=R?
Change Component Designator: OldDesignator=R?7 NewDesignator=R?
Change Component Designator: OldDesignator=R?8 NewDesignator=R?
Change Component Designator: OldDesignator=U1 NewDesignator=U4
Change Component Designator: OldDesignator=U3 NewDesignator=U1
Change Component Designator: OldDesignator=U4 NewDesignator=U3
Change Component Designator: OldDesignator=Y1 NewDesignator=Y2
Change Component Designator: OldDesignator=Y2 NewDesignator=Y1
Added Component: Designator=J?(MOLX-54104-4031)
Add component (AddParameter): Name = "Circuits (Loaded)"; Value = "40"; VariantName = "[No Variations]"
Add component (AddParameter): Name = "ComponentLink1Description"; Value = "Manufacturer URL"; VariantName = "[No Variations]"
Add component (AddParameter): Name = "ComponentLink1URL"; Value = "http://www.molex.com/molex/index.jsp"; VariantName = "[No Variations]"
Add component (AddParameter): Name = "ComponentLink2Description"; Value = "Datasheet"; VariantName = "[No Variations]"
Add component (AddParameter): Name = "ComponentLink2URL"; Value = "http://www.molex.com/webdocs/datasheets/pdf/en-us/0541044031_FFC_FPC_CONNECTORS.pdf"; VariantName = "[No Variations]"
Add component (AddParameter): Name = "ComponentLink3Description"; Value = "Package Specification"; VariantName = "[No Variations]"
Add component (AddParameter): Name = "ComponentLink3URL"; Value = "http://www.molex.com/pdm_docs/sd/541044031_sd.pdf"; VariantName = "[No Variations]"
Add component (AddParameter): Name = "Contact Position"; Value = "Top"; VariantName = "[No Variations]"
Add component (AddParameter): Name = "Current (Max per Contact)"; Value = "0.5A"; VariantName = "[No Variations]"
Add component (AddParameter): Name = "Durability (mating cycles max)"; Value = "20"; VariantName = "[No Variations]"
Add component (AddParameter): Name = "Entry Angle"; Value = "90degrees Angle"; VariantName = "[No Variations]"
Add component (AddParameter): Name = "Manufacturer"; Value = "Molex"; VariantName = "[No Variations]"
Add component (AddParameter): Name = "Mated Height"; Value = "2.00mm"; VariantName = "[No Variations]"
Add component (AddParameter): Name = "Material - Metal"; Value = "Phosphor Bronze"; VariantName = "[No Variations]"
Add component (AddParameter): Name = "Mounting Technology"; Value = "Surface Mount"; VariantName = "[No Variations]"
Add component (AddParameter): Name = "Number of Rows"; Value = "1"; VariantName = "[No Variations]"
Add component (AddParameter): Name = "Orientation"; Value = "Right Angle"; VariantName = "[No Variations]"
Add component (AddParameter): Name = "PackageDescription"; Value = "40-Lead FPC Connector, Pitch 0.5 mm"; VariantName = "[No Variations]"
Add component (AddParameter): Name = "PackageReference"; Value = "54104-4031"; VariantName = "[No Variations]"
Add component (AddParameter): Name = "PackageVersion"; Value = "Rev. F, 06/2012"; VariantName = "[No Variations]"
Add component (AddParameter): Name = "Packing"; Value = "Tape and Reel"; VariantName = "[No Variations]"
Add component (AddParameter): Name = "PartNumber"; Value = "54104-4031"; VariantName = "[No Variations]"
Add component (AddParameter): Name = "PCB Locator"; Value = "No"; VariantName = "[No Variations]"
Add component (AddParameter): Name = "PCB Retention"; Value = "Yes"; VariantName = "[No Variations]"
Add component (AddParameter): Name = "Pitch - Mating Interface"; Value = "0.50mm"; VariantName = "[No Variations]"
Add component (AddParameter): Name = "Polarized to PCB"; Value = "Yes"; VariantName = "[No Variations]"
Add component (AddParameter): Name = "RoHS"; Value = "TRUE"; VariantName = "[No Variations]"
Add component (AddParameter): Name = "Stackable"; Value = "No"; VariantName = "[No Variations]"
Add component (AddParameter): Name = "Voltage (Max)"; Value = "50V"; VariantName = "[No Variations]"
Added Pin To Net: NetName=GND Pin=J?-1
Added Pin To Net: NetName=GND Pin=J?-MP1
Added Pin To Net: NetName=GND Pin=J?-MP2
Added Pin To Net: NetName=DB0 Pin=J?-21
Added Net: Name=DB0
Added Pin To Net: NetName=DB1 Pin=J?-22
Added Net: Name=DB1
Added Pin To Net: NetName=DB2 Pin=J?-23
Added Net: Name=DB2
Added Pin To Net: NetName=DB3 Pin=J?-24
Added Net: Name=DB3
Added Pin To Net: NetName=DB4 Pin=J?-25
Added Net: Name=DB4
Added Pin To Net: NetName=DB5 Pin=J?-26
Added Net: Name=DB5
Added Pin To Net: NetName=DB6 Pin=J?-27
Added Net: Name=DB6
Added Pin To Net: NetName=DB7 Pin=J?-28
Added Net: Name=DB7
Added Pin To Net: NetName=DB8 Pin=J?-7
Added Net: Name=DB8
Added Pin To Net: NetName=DB9 Pin=J?-8
Added Net: Name=DB9
Added Pin To Net: NetName=DB10 Pin=J?-9
Added Net: Name=DB10
Added Pin To Net: NetName=DB11 Pin=J?-10
Added Net: Name=DB11
Added Pin To Net: NetName=DB12 Pin=J?-11
Added Net: Name=DB12
Added Pin To Net: NetName=DB13 Pin=J?-12
Added Net: Name=DB13
Added Pin To Net: NetName=DB14 Pin=J?-13
Added Net: Name=DB14
Added Pin To Net: NetName=DB15 Pin=J?-14
Added Net: Name=DB15
Added Pin To Net: NetName=NetJ?_3 Pin=J?-3
Added Net: Name=NetJ?_3
Added Pin To Net: NetName=NetJ?_15 Pin=J?-15
Added Net: Name=NetJ?_15
Added Pin To Net: NetName=NetJ?_16 Pin=J?-16
Added Net: Name=NetJ?_16
Added Pin To Net: NetName=NetJ?_17 Pin=J?-17
Added Net: Name=NetJ?_17
Added Pin To Net: NetName=NetJ?_18 Pin=J?-18
Added Net: Name=NetJ?_18
Added Pin To Net: NetName=NetJ?_19 Pin=J?-19
Added Net: Name=NetJ?_19
Added Pin To Net: NetName=NetJ?_20 Pin=J?-20
Added Net: Name=NetJ?_20
Added Pin To Net: NetName=NetJ?_29 Pin=J?-29
Added Net: Name=NetJ?_29
Added Pin To Net: NetName=NetJ?_30 Pin=J?-30
Added Net: Name=NetJ?_30
Added Pin To Net: NetName=NetJ?_31 Pin=J?-31
Added Net: Name=NetJ?_31
Added Pin To Net: NetName=NetJ?_32 Pin=J?-32
Added Net: Name=NetJ?_32
Added Pin To Net: NetName=NetJ?_33 Pin=J?-33
Added Net: Name=NetJ?_33
Added Pin To Net: NetName=NetJ?_34 Pin=J?-34
Added Net: Name=NetJ?_34
Added Pin To Net: NetName=NetJ?_35 Pin=J?-35
Added Net: Name=NetJ?_35
Added Pin To Net: NetName=NetJ?_36 Pin=J?-36
Added Net: Name=NetJ?_36
Added Pin To Net: NetName=NetJ?_37 Pin=J?-37
Added Net: Name=NetJ?_37
Added Pin To Net: NetName=NetJ?_38 Pin=J?-38
Added Net: Name=NetJ?_38
Added Pin To Net: NetName=NetJ?_39 Pin=J?-39
Added Net: Name=NetJ?_39
Added Pin To Net: NetName=NetJ?_40 Pin=J?-40
Added Net: Name=NetJ?_40
Added Pin To Net: NetName=OUT12 Pin=U2-59
Added Net: Name=OUT12
Added Pin To Net: NetName=OUT13 Pin=U2-60
Added Net: Name=OUT13
Added Pin To Net: NetName=OUT14 Pin=U2-64
Added Net: Name=OUT14
Added Pin To Net: NetName=OUT15 Pin=U2-65
Added Net: Name=OUT15
Added Pin To Net: NetName=OUT18 Pin=J?-6
Added Net: Name=OUT18
Added Pin To Net: NetName=RS_D Pin=J?-4
Added Net: Name=RS_D
Added Pin To Net: NetName=VCC Pin=J?-2
Added Net: Name=VCC
Added Pin To Net: NetName=WR_D Pin=J?-5
Added Net: Name=WR_D
Added Class: Name=CONNECTORS
Added Member To Class: ClassName=USB-C Member=Component C1 CL21B104KOANNNC
Added Member To Class: ClassName=USB-C Member=Component C3 CL21B104KOANNNC
Added Member To Class: ClassName=SAM3X-MCU Member=Component C7 CL21B104KOANNNC
Added Member To Class: ClassName=SAM3X-MCU Member=Component C11 CL21B104KOANNNC
Added Member To Class: ClassName=SAM3X-MCU Member=Component C15 CL21B104KOANNNC
Added Member To Class: ClassName=SAM3X-MCU Member=Component C16 CL21B104KOANNNC
Added Member To Class: ClassName=SAM3X-MCU Member=Component C17 CL21B104KOANNNC
Added Member To Class: ClassName=SAM3X-MCU Member=Component C18 CL21B104KOANNNC
Added Member To Class: ClassName=SAM3X-MCU Member=Component C19 CL21B104KOANNNC
Added Member To Class: ClassName=SAM3X-MCU Member=Component C20 C0805C120J5GACTU
Added Member To Class: ClassName=SAM3X-MCU Member=Component C23 C0805C120J5GACTU
Added Member To Class: ClassName=SOUND SYSTEM Member=Component C24 CL21B104KOANNNC
Added Member To Class: ClassName=USB-C Member=Component D2 SMBJ6.0CA
Added Member To Class: ClassName=METAL DETECT Member=Component Q? LTV-247
Added Member To Class: ClassName=SOUND SYSTEM Member=Component R18 RC0805JR-0710KL
Added Member To Class: ClassName=METAL DETECT Member=Component R? RC0805JR-0710KL
Added Member To Class: ClassName=METAL DETECT Member=Component R? RC0805JR-0710KL
Added Member To Class: ClassName=METAL DETECT Member=Component R? RC0805JR-0710KL
Added Member To Class: ClassName=METAL DETECT Member=Component R? RC0805JR-0710KL
Added Member To Class: ClassName=METAL DETECT Member=Component R? RC0805JR-0710KL
Added Member To Class: ClassName=METAL DETECT Member=Component R? RC0805JR-0710KL
Added Member To Class: ClassName=METAL DETECT Member=Component R? RC0805JR-0710KL
Added Member To Class: ClassName=USB-C Member=Component U1 AMS1117-3.3
Added Member To Class: ClassName=SOUND SYSTEM Member=Component U4 W25Q128FVSIG
Added Member To Class: ClassName=SAM3X-MCU Member=Component Y2 32.768KHZ
